<?xml version="1.0" encoding="UTF-8" standalone="yes"?><!DOCTYPE report PUBLIC "-//JACOCO//DTD Report 1.1//EN" "report.dtd"><report name="cas-sales"><sessioninfo id="MIS-PC-f207747d" start="1787122549499" dump="1787122571731"/><package name="ph/com/guanzongroup/cas/sales/status"><class name="ph/com/guanzongroup/cas/sales/status/SalesGiveawaysStatus" sourcefilename="SalesGiveawaysStatus.java"><method name="&lt;init&gt;" desc="()V" line="12"><counter type="INSTRUCTION" missed="3" covered="0"/><counter type="LINE" missed="1" covered="0"/><counter type="COMPLEXITY" missed="1" covered="0"/><counter type="METHOD" missed="1" covered="0"/></method><counter type="INSTRUCTION" missed="3" covered="0"/><counter type="LINE" missed="1" covered="0"/><counter type="COMPLEXITY" missed="1" covered="0"/><counter type="METHOD" missed="1" covered="0"/><counter type="CLASS" missed="1" covered="0"/></class><class name="ph/com/guanzongroup/cas/sales/status/SalesInquiryStatic$CategoryCode" sourcefilename="SalesInquiryStatic.java"><method name="&lt;init&gt;" desc="()V" line="21"><counter type="INSTRUCTION" missed="3" covered="0"/><counter type="LINE" missed="1" covered="0"/><counter type="COMPLEXITY" missed="1" covered="0"/><counter type="METHOD" missed="1" covered="0"/></method><counter type="INSTRUCTION" missed="3" covered="0"/><counter type="LINE" missed="1" covered="0"/><counter type="COMPLEXITY" missed="1" covered="0"/><counter type="METHOD" missed="1" covered="0"/><counter type="CLASS" missed="1" covered="0"/></class><class name="ph/com/guanzongroup/cas/sales/status/SalesInquiryStatic$PurchaseType" sourcefilename="SalesInquiryStatic.java"><method name="&lt;init&gt;" desc="()V" line="70"><counter type="INSTRUCTION" missed="3" covered="0"/><counter type="LINE" missed="1" covered="0"/><counter type="COMPLEXITY" missed="1" covered="0"/><counter type="METHOD" missed="1" covered="0"/></method><counter type="INSTRUCTION" missed="3" covered="0"/><counter type="LINE" missed="1" covered="0"/><counter type="COMPLEXITY" missed="1" covered="0"/><counter type="METHOD" missed="1" covered="0"/><counter type="CLASS" missed="1" covered="0"/></class><class name="ph/com/guanzongroup/cas/sales/status/SalesInquiryStatic$ClientType" sourcefilename="SalesInquiryStatic.java"><method name="&lt;init&gt;" desc="()V" line="64"><counter type="INSTRUCTION" missed="3" covered="0"/><counter type="LINE" missed="1" covered="0"/><counter type="COMPLEXITY" missed="1" covered="0"/><counter type="METHOD" missed="1" covered="0"/></method><counter type="INSTRUCTION" missed="3" covered="0"/><counter type="LINE" missed="1" covered="0"/><counter type="COMPLEXITY" missed="1" covered="0"/><counter type="METHOD" missed="1" covered="0"/><counter type="CLASS" missed="1" covered="0"/></class><class name="ph/com/guanzongroup/cas/sales/status/BankApplicationStatus" sourcefilename="BankApplicationStatus.java"><method name="&lt;init&gt;" desc="()V" line="12"><counter type="INSTRUCTION" missed="3" covered="0"/><counter type="LINE" missed="1" covered="0"/><counter type="COMPLEXITY" missed="1" covered="0"/><counter type="METHOD" missed="1" covered="0"/></method><counter type="INSTRUCTION" missed="3" covered="0"/><counter type="LINE" missed="1" covered="0"/><counter type="COMPLEXITY" missed="1" covered="0"/><counter type="METHOD" missed="1" covered="0"/><counter type="CLASS" missed="1" covered="0"/></class><class name="ph/com/guanzongroup/cas/sales/status/SalesInquiryStatic$Industry" sourcefilename="SalesInquiryStatic.java"><method name="&lt;init&gt;" desc="()V" line="49"><counter type="INSTRUCTION" missed="3" covered="0"/><counter type="LINE" missed="1" covered="0"/><counter type="COMPLEXITY" missed="1" covered="0"/><counter type="METHOD" missed="1" covered="0"/></method><counter type="INSTRUCTION" missed="3" covered="0"/><counter type="LINE" missed="1" covered="0"/><counter type="COMPLEXITY" missed="1" covered="0"/><counter type="METHOD" missed="1" covered="0"/><counter type="CLASS" missed="1" covered="0"/></class><class name="ph/com/guanzongroup/cas/sales/status/SalesInquiryStatic" sourcefilename="SalesInquiryStatic.java"><method name="&lt;init&gt;" desc="()V" line="12"><counter type="INSTRUCTION" missed="3" covered="0"/><counter type="LINE" missed="1" covered="0"/><counter type="COMPLEXITY" missed="1" covered="0"/><counter type="METHOD" missed="1" covered="0"/></method><counter type="INSTRUCTION" missed="3" covered="0"/><counter type="LINE" missed="1" covered="0"/><counter type="COMPLEXITY" missed="1" covered="0"/><counter type="METHOD" missed="1" covered="0"/><counter type="CLASS" missed="1" covered="0"/></class><class name="ph/com/guanzongroup/cas/sales/status/CustomerInquiryFollowUpStatic$InquiryType" sourcefilename="CustomerInquiryFollowUpStatic.java"><method name="&lt;init&gt;" desc="()V" line="83"><counter type="INSTRUCTION" missed="7" covered="0"/><counter type="LINE" missed="2" covered="0"/><counter type="COMPLEXITY" missed="1" covered="0"/><counter type="METHOD" missed="1" covered="0"/></method><counter type="INSTRUCTION" missed="7" covered="0"/><counter type="LINE" missed="2" covered="0"/><counter type="COMPLEXITY" missed="1" covered="0"/><counter type="METHOD" missed="1" covered="0"/><counter type="CLASS" missed="1" covered="0"/></class><class name="ph/com/guanzongroup/cas/sales/status/BankApplicationStatus$Reverse" sourcefilename="BankApplicationStatus.java"><method name="&lt;init&gt;" desc="()V" line="18"><counter type="INSTRUCTION" missed="3" covered="0"/><counter type="LINE" missed="1" covered="0"/><counter type="COMPLEXITY" missed="1" covered="0"/><counter type="METHOD" missed="1" covered="0"/></method><counter type="INSTRUCTION" missed="3" covered="0"/><counter type="LINE" missed="1" covered="0"/><counter type="COMPLEXITY" missed="1" covered="0"/><counter type="METHOD" missed="1" covered="0"/><counter type="CLASS" missed="1" covered="0"/></class><class name="ph/com/guanzongroup/cas/sales/status/CustomerInquiryFollowUpStatic" sourcefilename="CustomerInquiryFollowUpStatic.java"><method name="&lt;init&gt;" desc="()V" line="53"><counter type="INSTRUCTION" missed="7" covered="0"/><counter type="LINE" missed="2" covered="0"/><counter type="COMPLEXITY" missed="1" covered="0"/><counter type="METHOD" missed="1" covered="0"/></method><method name="getInquiryStatusDescription" desc="(Ljava/lang/String;)Ljava/lang/String;" line="165"><counter type="INSTRUCTION" missed="6" covered="19"/><counter type="BRANCH" missed="3" covered="3"/><counter type="LINE" missed="2" covered="4"/><counter type="COMPLEXITY" missed="3" covered="1"/><counter type="METHOD" missed="0" covered="1"/></method><method name="getInquiryStatusCode" desc="(Ljava/lang/String;)Ljava/lang/String;" line="185"><counter type="INSTRUCTION" missed="25" covered="0"/><counter type="BRANCH" missed="6" covered="0"/><counter type="LINE" missed="6" covered="0"/><counter type="COMPLEXITY" missed="4" covered="0"/><counter type="METHOD" missed="1" covered="0"/></method><method name="getCustomerResponseDescription" desc="(Ljava/lang/String;)Ljava/lang/String;" line="329"><counter type="INSTRUCTION" missed="4" covered="21"/><counter type="BRANCH" missed="2" covered="4"/><counter type="LINE" missed="2" covered="4"/><counter type="COMPLEXITY" missed="2" covered="2"/><counter type="METHOD" missed="0" covered="1"/></method><method name="getCustomerResponseCode" desc="(Ljava/lang/String;)Ljava/lang/String;" line="349"><counter type="INSTRUCTION" missed="25" covered="0"/><counter type="BRANCH" missed="6" covered="0"/><counter type="LINE" missed="6" covered="0"/><counter type="COMPLEXITY" missed="4" covered="0"/><counter type="METHOD" missed="1" covered="0"/></method><method name="&lt;clinit&gt;" desc="()V" line="107"><counter type="INSTRUCTION" missed="0" covered="283"/><counter type="LINE" missed="0" covered="18"/><counter type="COMPLEXITY" missed="0" covered="1"/><counter type="METHOD" missed="0" covered="1"/></method><counter type="INSTRUCTION" missed="67" covered="323"/><counter type="BRANCH" missed="17" covered="7"/><counter type="LINE" missed="18" covered="26"/><counter type="COMPLEXITY" missed="14" covered="4"/><counter type="METHOD" missed="3" covered="3"/><counter type="CLASS" missed="0" covered="1"/></class><sourcefile name="SalesInquiryStatic.java"><line nr="12" mi="3" ci="0" mb="0" cb="0"/><line nr="21" mi="3" ci="0" mb="0" cb="0"/><line nr="49" mi="3" ci="0" mb="0" cb="0"/><line nr="64" mi="3" ci="0" mb="0" cb="0"/><line nr="70" mi="3" ci="0" mb="0" cb="0"/><counter type="INSTRUCTION" missed="15" covered="0"/><counter type="LINE" missed="5" covered="0"/><counter type="COMPLEXITY" missed="5" covered="0"/><counter type="METHOD" missed="5" covered="0"/><counter type="CLASS" missed="5" covered="0"/></sourcefile><sourcefile name="BankApplicationStatus.java"><line nr="12" mi="3" ci="0" mb="0" cb="0"/><line nr="18" mi="3" ci="0" mb="0" cb="0"/><counter type="INSTRUCTION" missed="6" covered="0"/><counter type="LINE" missed="2" covered="0"/><counter type="COMPLEXITY" missed="2" covered="0"/><counter type="METHOD" missed="2" covered="0"/><counter type="CLASS" missed="2" covered="0"/></sourcefile><sourcefile name="CustomerInquiryFollowUpStatic.java"><line nr="53" mi="2" ci="0" mb="0" cb="0"/><line nr="54" mi="5" ci="0" mb="0" cb="0"/><line nr="83" mi="2" ci="0" mb="0" cb="0"/><line nr="84" mi="5" ci="0" mb="0" cb="0"/><line nr="107" mi="0" ci="18" mb="0" cb="0"/><line nr="108" mi="0" ci="2" mb="0" cb="0"/><line nr="114" mi="0" ci="19" mb="0" cb="0"/><line nr="134" mi="0" ci="14" mb="0" cb="0"/><line nr="135" mi="0" ci="2" mb="0" cb="0"/><line nr="153" mi="0" ci="15" mb="0" cb="0"/><line nr="165" mi="0" ci="2" mb="1" cb="1"/><line nr="166" mi="2" ci="0" mb="0" cb="0"/><line nr="169" mi="2" ci="6" mb="1" cb="1"/><line nr="170" mi="0" ci="6" mb="1" cb="1"/><line nr="171" mi="0" ci="5" mb="0" cb="0"/><line nr="175" mi="2" ci="0" mb="0" cb="0"/><line nr="185" mi="2" ci="0" mb="2" cb="0"/><line nr="186" mi="2" ci="0" mb="0" cb="0"/><line nr="189" mi="8" ci="0" mb="2" cb="0"/><line nr="190" mi="7" ci="0" mb="2" cb="0"/><line nr="191" mi="4" ci="0" mb="0" cb="0"/><line nr="195" mi="2" ci="0" mb="0" cb="0"/><line nr="204" mi="0" ci="30" mb="0" cb="0"/><line nr="205" mi="0" ci="2" mb="0" cb="0"/><line nr="229" mi="0" ci="31" mb="0" cb="0"/><line nr="244" mi="0" ci="26" mb="0" cb="0"/><line nr="245" mi="0" ci="2" mb="0" cb="0"/><line nr="267" mi="0" ci="27" mb="0" cb="0"/><line nr="288" mi="0" ci="30" mb="0" cb="0"/><line nr="289" mi="0" ci="2" mb="0" cb="0"/><line nr="313" mi="0" ci="31" mb="0" cb="0"/><line nr="329" mi="0" ci="2" mb="1" cb="1"/><line nr="330" mi="2" ci="0" mb="0" cb="0"/><line nr="333" mi="0" ci="8" mb="1" cb="1"/><line nr="334" mi="0" ci="6" mb="0" cb="2"/><line nr="335" mi="0" ci="5" mb="0" cb="0"/><line nr="339" mi="2" ci="0" mb="0" cb="0"/><line nr="349" mi="2" ci="0" mb="2" cb="0"/><line nr="350" mi="2" ci="0" mb="0" cb="0"/><line nr="353" mi="8" ci="0" mb="2" cb="0"/><line nr="354" mi="7" ci="0" mb="2" cb="0"/><line nr="355" mi="4" ci="0" mb="0" cb="0"/><line nr="359" mi="2" ci="0" mb="0" cb="0"/><line nr="362" mi="0" ci="14" mb="0" cb="0"/><line nr="363" mi="0" ci="2" mb="0" cb="0"/><line nr="368" mi="0" ci="16" mb="0" cb="0"/><counter type="INSTRUCTION" missed="74" covered="323"/><counter type="BRANCH" missed="17" covered="7"/><counter type="LINE" missed="20" covered="26"/><counter type="COMPLEXITY" missed="15" covered="4"/><counter type="METHOD" missed="4" covered="3"/><counter type="CLASS" missed="1" covered="1"/></sourcefile><sourcefile name="SalesGiveawaysStatus.java"><line nr="12" mi="3" ci="0" mb="0" cb="0"/><counter type="INSTRUCTION" missed="3" covered="0"/><counter type="LINE" missed="1" covered="0"/><counter type="COMPLEXITY" missed="1" covered="0"/><counter type="METHOD" missed="1" covered="0"/><counter type="CLASS" missed="1" covered="0"/></sourcefile><counter type="INSTRUCTION" missed="98" covered="323"/><counter type="BRANCH" missed="17" covered="7"/><counter type="LINE" missed="28" covered="26"/><counter type="COMPLEXITY" missed="23" covered="4"/><counter type="METHOD" missed="12" covered="3"/><counter type="CLASS" missed="9" covered="1"/></package><package name="ph/com/guanzongroup/cas/sales"><class name="ph/com/guanzongroup/cas/sales/SalesInquirySources" sourcefilename="SalesInquirySources.java"><method name="&lt;init&gt;" desc="()V" line="25"><counter type="INSTRUCTION" missed="3" covered="0"/><counter type="LINE" missed="1" covered="0"/><counter type="COMPLEXITY" missed="1" covered="0"/><counter type="METHOD" missed="1" covered="0"/></method><method name="initialize" desc="()V" line="31"><counter type="INSTRUCTION" missed="14" covered="0"/><counter type="LINE" missed="4" covered="0"/><counter type="COMPLEXITY" missed="1" covered="0"/><counter type="METHOD" missed="1" covered="0"/></method><method name="getModel" desc="()Lph/com/guanzongroup/cas/sales/model/Model_Sales_Inquiry_Sources;" line="39"><counter type="INSTRUCTION" missed="3" covered="0"/><counter type="LINE" missed="1" covered="0"/><counter type="COMPLEXITY" missed="1" covered="0"/><counter type="METHOD" missed="1" covered="0"/></method><method name="SalesInquirySources" desc="()Lph/com/guanzongroup/cas/sales/model/Model_Sales_Inquiry_Sources;" line="43"><counter type="INSTRUCTION" missed="7" covered="0"/><counter type="LINE" missed="1" covered="0"/><counter type="COMPLEXITY" missed="1" covered="0"/><counter type="METHOD" missed="1" covered="0"/></method><method name="isEntryOkay" desc="()Lorg/json/simple/JSONObject;" line="48"><counter type="INSTRUCTION" missed="86" covered="0"/><counter type="BRANCH" missed="6" covered="0"/><counter type="LINE" missed="16" covered="0"/><counter type="COMPLEXITY" missed="4" covered="0"/><counter type="METHOD" missed="1" covered="0"/></method><method name="checkExistingSource" desc="()Lorg/json/simple/JSONObject;" line="77"><counter type="INSTRUCTION" missed="107" covered="0"/><counter type="BRANCH" missed="4" covered="0"/><counter type="LINE" missed="15" covered="0"/><counter type="COMPLEXITY" missed="3" covered="0"/><counter type="METHOD" missed="1" covered="0"/></method><method name="searchRecord" desc="(Ljava/lang/String;Z)Lorg/json/simple/JSONObject;" line="103"><counter type="INSTRUCTION" missed="124" covered="0"/><counter type="BRANCH" missed="10" covered="0"/><counter type="LINE" missed="16" covered="0"/><counter type="COMPLEXITY" missed="6" covered="0"/><counter type="METHOD" missed="1" covered="0"/></method><counter type="INSTRUCTION" missed="344" covered="0"/><counter type="BRANCH" missed="20" covered="0"/><counter type="LINE" missed="54" covered="0"/><counter type="COMPLEXITY" missed="17" covered="0"/><counter type="METHOD" missed="7" covered="0"/><counter type="CLASS" missed="1" covered="0"/></class><class name="ph/com/guanzongroup/cas/sales/SalesCommitment" sourcefilename="SalesCommitment.java"><method name="&lt;init&gt;" desc="()V" line="54"><counter type="INSTRUCTION" missed="0" covered="18"/><counter type="LINE" missed="0" covered="6"/><counter type="COMPLEXITY" missed="0" covered="1"/><counter type="METHOD" missed="0" covered="1"/></method><method name="InitTransaction" desc="()Lorg/json/simple/JSONObject;" line="65"><counter type="INSTRUCTION" missed="0" covered="38"/><counter type="LINE" missed="0" covered="8"/><counter type="COMPLEXITY" missed="0" covered="1"/><counter type="METHOD" missed="0" covered="1"/></method><method name="getSourceCode" desc="()Ljava/lang/String;" line="79"><counter type="INSTRUCTION" missed="0" covered="3"/><counter type="LINE" missed="0" covered="1"/><counter type="COMPLEXITY" missed="0" covered="1"/><counter type="METHOD" missed="0" covered="1"/></method><method name="setIndustryId" desc="(Ljava/lang/String;)V" line="82"><counter type="INSTRUCTION" missed="0" covered="4"/><counter type="LINE" missed="0" covered="1"/><counter type="COMPLEXITY" missed="0" covered="1"/><counter type="METHOD" missed="0" covered="1"/></method><method name="setCompanyId" desc="(Ljava/lang/String;)V" line="83"><counter type="INSTRUCTION" missed="0" covered="4"/><counter type="LINE" missed="0" covered="1"/><counter type="COMPLEXITY" missed="0" covered="1"/><counter type="METHOD" missed="0" covered="1"/></method><method name="setCategoryId" desc="(Ljava/lang/String;)V" line="84"><counter type="INSTRUCTION" missed="0" covered="4"/><counter type="LINE" missed="0" covered="1"/><counter type="COMPLEXITY" missed="0" covered="1"/><counter type="METHOD" missed="0" covered="1"/></method><method name="setClient" desc="(Ljava/lang/String;)V" line="85"><counter type="INSTRUCTION" missed="0" covered="4"/><counter type="LINE" missed="0" covered="1"/><counter type="COMPLEXITY" missed="0" covered="1"/><counter type="METHOD" missed="0" covered="1"/></method><method name="getClient" desc="()Ljava/lang/String;" line="86"><counter type="INSTRUCTION" missed="0" covered="3"/><counter type="LINE" missed="0" covered="1"/><counter type="COMPLEXITY" missed="0" covered="1"/><counter type="METHOD" missed="0" covered="1"/></method><method name="setJSON" desc="(Ljava/lang/String;Ljava/lang/String;)Lorg/json/simple/JSONObject;" line="95"><counter type="INSTRUCTION" missed="0" covered="16"/><counter type="LINE" missed="0" covered="4"/><counter type="COMPLEXITY" missed="0" covered="1"/><counter type="METHOD" missed="0" covered="1"/></method><method name="isJSONSuccess" desc="(Lorg/json/simple/JSONObject;)Z" line="110"><counter type="INSTRUCTION" missed="0" covered="18"/><counter type="BRANCH" missed="0" covered="4"/><counter type="LINE" missed="0" covered="1"/><counter type="COMPLEXITY" missed="0" covered="3"/><counter type="METHOD" missed="0" covered="1"/></method><method name="NewTransaction" desc="()Lorg/json/simple/JSONObject;" line="123"><counter type="INSTRUCTION" missed="0" covered="3"/><counter type="LINE" missed="0" covered="1"/><counter type="COMPLEXITY" missed="0" covered="1"/><counter type="METHOD" missed="0" covered="1"/></method><method name="OpenTransaction" desc="(Ljava/lang/String;)Lorg/json/simple/JSONObject;" line="141"><counter type="INSTRUCTION" missed="0" covered="4"/><counter type="LINE" missed="0" covered="1"/><counter type="COMPLEXITY" missed="0" covered="1"/><counter type="METHOD" missed="0" covered="1"/></method><method name="UpdateTransaction" desc="()Lorg/json/simple/JSONObject;" line="157"><counter type="INSTRUCTION" missed="0" covered="3"/><counter type="LINE" missed="0" covered="1"/><counter type="COMPLEXITY" missed="0" covered="1"/><counter type="METHOD" missed="0" covered="1"/></method><method name="SaveTransaction" desc="()Lorg/json/simple/JSONObject;" line="168"><counter type="INSTRUCTION" missed="0" covered="3"/><counter type="LINE" missed="0" covered="1"/><counter type="COMPLEXITY" missed="0" covered="1"/><counter type="METHOD" missed="0" covered="1"/></method><method name="callApproval" desc="()Lorg/json/simple/JSONObject;" line="177"><counter type="INSTRUCTION" missed="61" covered="0"/><counter type="BRANCH" missed="6" covered="0"/><counter type="LINE" missed="13" covered="0"/><counter type="COMPLEXITY" missed="4" covered="0"/><counter type="METHOD" missed="1" covered="0"/></method><method name="getStatus" desc="(Ljava/lang/String;)Ljava/lang/String;" line="204"><counter type="INSTRUCTION" missed="0" covered="18"/><counter type="BRANCH" missed="0" covered="5"/><counter type="LINE" missed="0" covered="6"/><counter type="COMPLEXITY" missed="0" covered="5"/><counter type="METHOD" missed="0" covered="1"/></method><method name="ApproveTransaction" desc="()Lorg/json/simple/JSONObject;" line="219"><counter type="INSTRUCTION" missed="218" covered="0"/><counter type="BRANCH" missed="22" covered="0"/><counter type="LINE" missed="42" covered="0"/><counter type="COMPLEXITY" missed="12" covered="0"/><counter type="METHOD" missed="1" covered="0"/></method><method name="DisapproveTransaction" desc="()Lorg/json/simple/JSONObject;" line="303"><counter type="INSTRUCTION" missed="65" covered="82"/><counter type="BRANCH" missed="8" covered="6"/><counter type="LINE" missed="12" covered="15"/><counter type="COMPLEXITY" missed="7" covered="1"/><counter type="METHOD" missed="0" covered="1"/></method><method name="CancelTransaction" desc="()Lorg/json/simple/JSONObject;" line="364"><counter type="INSTRUCTION" missed="65" covered="82"/><counter type="BRANCH" missed="8" covered="6"/><counter type="LINE" missed="12" covered="15"/><counter type="COMPLEXITY" missed="7" covered="1"/><counter type="METHOD" missed="0" covered="1"/></method><method name="SearchTransaction" desc="()Lorg/json/simple/JSONObject;" line="412"><counter type="INSTRUCTION" missed="123" covered="0"/><counter type="BRANCH" missed="4" covered="0"/><counter type="LINE" missed="19" covered="0"/><counter type="COMPLEXITY" missed="3" covered="0"/><counter type="METHOD" missed="1" covered="0"/></method><method name="SearchTransaction" desc="(Ljava/lang/String;Ljava/lang/String;Z)Lorg/json/simple/JSONObject;" line="448"><counter type="INSTRUCTION" missed="151" covered="0"/><counter type="BRANCH" missed="6" covered="0"/><counter type="LINE" missed="23" covered="0"/><counter type="COMPLEXITY" missed="4" covered="0"/><counter type="METHOD" missed="1" covered="0"/></method><method name="SearchClient" desc="(Ljava/lang/String;ZZ)Lorg/json/simple/JSONObject;" line="492"><counter type="INSTRUCTION" missed="82" covered="0"/><counter type="BRANCH" missed="4" covered="0"/><counter type="LINE" missed="13" covered="0"/><counter type="COMPLEXITY" missed="3" covered="0"/><counter type="METHOD" missed="1" covered="0"/></method><method name="SearchTerm" desc="(Ljava/lang/String;Z)Lorg/json/simple/JSONObject;" line="516"><counter type="INSTRUCTION" missed="68" covered="0"/><counter type="BRANCH" missed="6" covered="0"/><counter type="LINE" missed="11" covered="0"/><counter type="COMPLEXITY" missed="4" covered="0"/><counter type="METHOD" missed="1" covered="0"/></method><method name="SearchBank" desc="(Ljava/lang/String;Z)Lorg/json/simple/JSONObject;" line="537"><counter type="INSTRUCTION" missed="126" covered="0"/><counter type="BRANCH" missed="12" covered="0"/><counter type="LINE" missed="20" covered="0"/><counter type="COMPLEXITY" missed="7" covered="0"/><counter type="METHOD" missed="1" covered="0"/></method><method name="checkExistingBank" desc="(Ljava/lang/String;)Lorg/json/simple/JSONObject;" line="574"><counter type="INSTRUCTION" missed="43" covered="96"/><counter type="BRANCH" missed="2" covered="2"/><counter type="LINE" missed="8" covered="20"/><counter type="COMPLEXITY" missed="2" covered="1"/><counter type="METHOD" missed="0" covered="1"/></method><method name="SearchInventory" desc="(Ljava/lang/String;ZI)Lorg/json/simple/JSONObject;" line="613"><counter type="INSTRUCTION" missed="224" covered="0"/><counter type="BRANCH" missed="12" covered="0"/><counter type="LINE" missed="32" covered="0"/><counter type="COMPLEXITY" missed="7" covered="0"/><counter type="METHOD" missed="1" covered="0"/></method><method name="checkExistingDetail" desc="(ILjava/lang/String;)Lorg/json/simple/JSONObject;" line="671"><counter type="INSTRUCTION" missed="2" covered="113"/><counter type="BRANCH" missed="2" covered="12"/><counter type="LINE" missed="1" covered="23"/><counter type="COMPLEXITY" missed="2" covered="6"/><counter type="METHOD" missed="0" covered="1"/></method><method name="computeFields" desc="(Z)Lorg/json/simple/JSONObject;" line="719"><counter type="INSTRUCTION" missed="31" covered="93"/><counter type="BRANCH" missed="2" covered="4"/><counter type="LINE" missed="6" covered="17"/><counter type="COMPLEXITY" missed="2" covered="2"/><counter type="METHOD" missed="0" covered="1"/></method><method name="setVatRate" desc="(Ljava/lang/String;)Lorg/json/simple/JSONObject;" line="798"><counter type="INSTRUCTION" missed="2" covered="109"/><counter type="BRANCH" missed="3" covered="9"/><counter type="LINE" missed="1" covered="21"/><counter type="COMPLEXITY" missed="3" covered="4"/><counter type="METHOD" missed="0" covered="1"/></method><method name="setVatableSales" desc="(Ljava/lang/String;)Lorg/json/simple/JSONObject;" line="831"><counter type="INSTRUCTION" missed="2" covered="130"/><counter type="BRANCH" missed="2" covered="10"/><counter type="LINE" missed="1" covered="26"/><counter type="COMPLEXITY" missed="2" covered="5"/><counter type="METHOD" missed="0" covered="1"/></method><method name="setVatableAmount" desc="(Ljava/lang/String;)Lorg/json/simple/JSONObject;" line="871"><counter type="INSTRUCTION" missed="2" covered="141"/><counter type="BRANCH" missed="3" covered="11"/><counter type="LINE" missed="1" covered="27"/><counter type="COMPLEXITY" missed="3" covered="5"/><counter type="METHOD" missed="0" covered="1"/></method><method name="setWTaxRate" desc="(Ljava/lang/String;)Lorg/json/simple/JSONObject;" line="912"><counter type="INSTRUCTION" missed="2" covered="109"/><counter type="BRANCH" missed="3" covered="9"/><counter type="LINE" missed="1" covered="21"/><counter type="COMPLEXITY" missed="3" covered="4"/><counter type="METHOD" missed="0" covered="1"/></method><method name="setWithholdingTax" desc="(Ljava/lang/String;)Lorg/json/simple/JSONObject;" line="945"><counter type="INSTRUCTION" missed="2" covered="130"/><counter type="BRANCH" missed="2" covered="10"/><counter type="LINE" missed="1" covered="26"/><counter type="COMPLEXITY" missed="2" covered="5"/><counter type="METHOD" missed="0" covered="1"/></method><method name="setVatExempt" desc="(Ljava/lang/String;)Lorg/json/simple/JSONObject;" line="985"><counter type="INSTRUCTION" missed="2" covered="130"/><counter type="BRANCH" missed="2" covered="10"/><counter type="LINE" missed="1" covered="26"/><counter type="COMPLEXITY" missed="2" covered="5"/><counter type="METHOD" missed="0" covered="1"/></method><method name="loadTransactionList" desc="(Ljava/lang/String;Ljava/lang/String;)Lorg/json/simple/JSONObject;" line="1025"><counter type="INSTRUCTION" missed="54" covered="116"/><counter type="BRANCH" missed="6" covered="2"/><counter type="LINE" missed="11" covered="17"/><counter type="COMPLEXITY" missed="4" covered="1"/><counter type="METHOD" missed="0" covered="1"/></method><method name="loadSalesInquiryList" desc="(Ljava/lang/String;)Lorg/json/simple/JSONObject;" line="1069"><counter type="INSTRUCTION" missed="146" covered="150"/><counter type="BRANCH" missed="3" covered="3"/><counter type="LINE" missed="21" covered="26"/><counter type="COMPLEXITY" missed="3" covered="1"/><counter type="METHOD" missed="0" covered="1"/></method><method name="getPriorityUnit" desc="()Ljava/lang/String;" line="1134"><counter type="INSTRUCTION" missed="126" covered="65"/><counter type="BRANCH" missed="17" covered="3"/><counter type="LINE" missed="16" covered="14"/><counter type="COMPLEXITY" missed="10" covered="1"/><counter type="METHOD" missed="0" covered="1"/></method><method name="SalesInquiryMaster" desc="()Lph/com/guanzongroup/cas/sales/model/Model_Sales_Inquiry_Master;" line="1183"><counter type="INSTRUCTION" missed="7" covered="0"/><counter type="LINE" missed="1" covered="0"/><counter type="COMPLEXITY" missed="1" covered="0"/><counter type="METHOD" missed="1" covered="0"/></method><method name="getSalesInquiryCount" desc="()I" line="1187"><counter type="INSTRUCTION" missed="5" covered="7"/><counter type="BRANCH" missed="1" covered="1"/><counter type="LINE" missed="1" covered="2"/><counter type="COMPLEXITY" missed="1" covered="1"/><counter type="METHOD" missed="0" covered="1"/></method><method name="SalesInquiryList" desc="(I)Lph/com/guanzongroup/cas/sales/model/Model_Sales_Inquiry_Master;" line="1195"><counter type="INSTRUCTION" missed="6" covered="0"/><counter type="LINE" missed="1" covered="0"/><counter type="COMPLEXITY" missed="1" covered="0"/><counter type="METHOD" missed="1" covered="0"/></method><method name="populateDetail" desc="(Ljava/lang/String;)Lorg/json/simple/JSONObject;" line="1199"><counter type="INSTRUCTION" missed="12" covered="61"/><counter type="BRANCH" missed="2" covered="2"/><counter type="LINE" missed="3" covered="12"/><counter type="COMPLEXITY" missed="2" covered="1"/><counter type="METHOD" missed="0" covered="1"/></method><method name="Master" desc="()Lph/com/guanzongroup/cas/sales/model/Model_Sales_Commitment_Master;" line="1232"><counter type="INSTRUCTION" missed="0" covered="4"/><counter type="LINE" missed="0" covered="1"/><counter type="COMPLEXITY" missed="0" covered="1"/><counter type="METHOD" missed="0" covered="1"/></method><method name="Detail" desc="(I)Lph/com/guanzongroup/cas/sales/model/Model_Sales_Commitment_Detail;" line="1242"><counter type="INSTRUCTION" missed="0" covered="6"/><counter type="LINE" missed="0" covered="1"/><counter type="COMPLEXITY" missed="0" covered="1"/><counter type="METHOD" missed="0" covered="1"/></method><method name="AddDetail" desc="()Lorg/json/simple/JSONObject;" line="1254"><counter type="INSTRUCTION" missed="0" covered="38"/><counter type="BRANCH" missed="1" covered="5"/><counter type="LINE" missed="0" covered="6"/><counter type="COMPLEXITY" missed="1" covered="3"/><counter type="METHOD" missed="0" covered="1"/></method><method name="TransactionList" desc="(I)Lph/com/guanzongroup/cas/sales/model/Model_Sales_Commitment_Master;" line="1272"><counter type="INSTRUCTION" missed="6" covered="0"/><counter type="LINE" missed="1" covered="0"/><counter type="COMPLEXITY" missed="1" covered="0"/><counter type="METHOD" missed="1" covered="0"/></method><method name="getTransactionListCount" desc="()I" line="1280"><counter type="INSTRUCTION" missed="0" covered="4"/><counter type="LINE" missed="0" covered="1"/><counter type="COMPLEXITY" missed="0" covered="1"/><counter type="METHOD" missed="0" covered="1"/></method><method name="resetMaster" desc="()V" line="1287"><counter type="INSTRUCTION" missed="0" covered="9"/><counter type="LINE" missed="0" covered="2"/><counter type="COMPLEXITY" missed="0" covered="1"/><counter type="METHOD" missed="0" covered="1"/></method><method name="ReloadDetail" desc="()V" line="1299"><counter type="INSTRUCTION" missed="0" covered="71"/><counter type="BRANCH" missed="4" covered="12"/><counter type="LINE" missed="0" covered="13"/><counter type="COMPLEXITY" missed="4" covered="5"/><counter type="METHOD" missed="0" covered="1"/></method><method name="initFields" desc="()Lorg/json/simple/JSONObject;" line="1332"><counter type="INSTRUCTION" missed="20" covered="54"/><counter type="LINE" missed="4" covered="11"/><counter type="COMPLEXITY" missed="0" covered="1"/><counter type="METHOD" missed="0" covered="1"/></method><method name="isEntryOkay" desc="(Ljava/lang/String;)Lorg/json/simple/JSONObject;" line="1353"><counter type="INSTRUCTION" missed="0" covered="22"/><counter type="LINE" missed="0" covered="6"/><counter type="COMPLEXITY" missed="0" covered="1"/><counter type="METHOD" missed="0" covered="1"/></method><method name="willSave" desc="()Lorg/json/simple/JSONObject;" line="1375"><counter type="INSTRUCTION" missed="18" covered="199"/><counter type="BRANCH" missed="8" covered="16"/><counter type="LINE" missed="5" covered="34"/><counter type="COMPLEXITY" missed="8" covered="5"/><counter type="METHOD" missed="0" covered="1"/></method><method name="save" desc="()Lorg/json/simple/JSONObject;" line="1452"><counter type="INSTRUCTION" missed="0" covered="4"/><counter type="LINE" missed="0" covered="1"/><counter type="COMPLEXITY" missed="0" covered="1"/><counter type="METHOD" missed="0" covered="1"/></method><method name="initSQL" desc="()V" line="1457"><counter type="INSTRUCTION" missed="0" covered="83"/><counter type="BRANCH" missed="2" covered="10"/><counter type="LINE" missed="0" covered="11"/><counter type="COMPLEXITY" missed="2" covered="5"/><counter type="METHOD" missed="0" covered="1"/></method><method name="salesInquirySQL" desc="()Ljava/lang/String;" line="1513"><counter type="INSTRUCTION" missed="0" covered="2"/><counter type="LINE" missed="0" covered="1"/><counter type="COMPLEXITY" missed="0" covered="1"/><counter type="METHOD" missed="0" covered="1"/></method><method name="getUpdateStatusBy" desc="(Ljava/lang/String;)Lorg/json/simple/JSONObject;" line="1534"><counter type="INSTRUCTION" missed="165" covered="0"/><counter type="BRANCH" missed="10" covered="0"/><counter type="LINE" missed="28" covered="0"/><counter type="COMPLEXITY" missed="6" covered="0"/><counter type="METHOD" missed="1" covered="0"/></method><method name="ShowStatusHistory" desc="()V" line="1573"><counter type="INSTRUCTION" missed="117" covered="0"/><counter type="BRANCH" missed="15" covered="0"/><counter type="LINE" missed="33" covered="0"/><counter type="COMPLEXITY" missed="12" covered="0"/><counter type="METHOD" missed="1" covered="0"/></method><method name="getEntryBy" desc="()Lorg/json/simple/JSONObject;" line="1635"><counter type="INSTRUCTION" missed="155" covered="0"/><counter type="BRANCH" missed="10" covered="0"/><counter type="LINE" missed="28" covered="0"/><counter type="COMPLEXITY" missed="6" covered="0"/><counter type="METHOD" missed="1" covered="0"/></method><method name="getSysUser" desc="(Ljava/lang/String;Z)Ljava/lang/String;" line="1674"><counter type="INSTRUCTION" missed="69" covered="0"/><counter type="BRANCH" missed="6" covered="0"/><counter type="LINE" missed="16" covered="0"/><counter type="COMPLEXITY" missed="4" covered="0"/><counter type="METHOD" missed="1" covered="0"/></method><counter type="INSTRUCTION" missed="2177" covered="2253"/><counter type="BRANCH" missed="194" covered="152"/><counter type="LINE" missed="387" covered="431"/><counter type="COMPLEXITY" missed="145" covered="91"/><counter type="METHOD" missed="15" covered="43"/><counter type="CLASS" missed="0" covered="1"/></class><class name="ph/com/guanzongroup/cas/sales/SalesBankApplication" sourcefilename="SalesBankApplication.java"><method name="&lt;init&gt;" desc="()V" line="50"><counter type="INSTRUCTION" missed="12" covered="0"/><counter type="LINE" missed="4" covered="0"/><counter type="COMPLEXITY" missed="1" covered="0"/><counter type="METHOD" missed="1" covered="0"/></method><method name="InitTransaction" desc="()Lorg/json/simple/JSONObject;" line="58"><counter type="INSTRUCTION" missed="32" covered="0"/><counter type="LINE" missed="6" covered="0"/><counter type="COMPLEXITY" missed="1" covered="0"/><counter type="METHOD" missed="1" covered="0"/></method><method name="setCompanyId" desc="(Ljava/lang/String;)V" line="70"><counter type="INSTRUCTION" missed="4" covered="0"/><counter type="LINE" missed="2" covered="0"/><counter type="COMPLEXITY" missed="1" covered="0"/><counter type="METHOD" missed="1" covered="0"/></method><method name="setIndustryId" desc="(Ljava/lang/String;)V" line="73"><counter type="INSTRUCTION" missed="4" covered="0"/><counter type="LINE" missed="2" covered="0"/><counter type="COMPLEXITY" missed="1" covered="0"/><counter type="METHOD" missed="1" covered="0"/></method><method name="setCategoryId" desc="(Ljava/lang/String;)V" line="76"><counter type="INSTRUCTION" missed="4" covered="0"/><counter type="LINE" missed="2" covered="0"/><counter type="COMPLEXITY" missed="1" covered="0"/><counter type="METHOD" missed="1" covered="0"/></method><method name="NewTransaction" desc="()Lorg/json/simple/JSONObject;" line="81"><counter type="INSTRUCTION" missed="3" covered="0"/><counter type="LINE" missed="1" covered="0"/><counter type="COMPLEXITY" missed="1" covered="0"/><counter type="METHOD" missed="1" covered="0"/></method><method name="SaveTransaction" desc="()Lorg/json/simple/JSONObject;" line="88"><counter type="INSTRUCTION" missed="3" covered="0"/><counter type="LINE" missed="1" covered="0"/><counter type="COMPLEXITY" missed="1" covered="0"/><counter type="METHOD" missed="1" covered="0"/></method><method name="OpenTransaction" desc="(Ljava/lang/String;)Lorg/json/simple/JSONObject;" line="95"><counter type="INSTRUCTION" missed="4" covered="0"/><counter type="LINE" missed="1" covered="0"/><counter type="COMPLEXITY" missed="1" covered="0"/><counter type="METHOD" missed="1" covered="0"/></method><method name="openTransaction" desc="(Ljava/lang/String;)Lorg/json/simple/JSONObject;" line="107"><counter type="INSTRUCTION" missed="121" covered="0"/><counter type="BRANCH" missed="6" covered="0"/><counter type="LINE" missed="25" covered="0"/><counter type="COMPLEXITY" missed="4" covered="0"/><counter type="METHOD" missed="1" covered="0"/></method><method name="UpdateTransaction" desc="()Lorg/json/simple/JSONObject;" line="142"><counter type="INSTRUCTION" missed="3" covered="0"/><counter type="LINE" missed="1" covered="0"/><counter type="COMPLEXITY" missed="1" covered="0"/><counter type="METHOD" missed="1" covered="0"/></method><method name="ApproveBankApplication" desc="(Ljava/lang/String;Ljava/util/List;)Lorg/json/simple/JSONObject;" line="152"><counter type="INSTRUCTION" missed="165" covered="0"/><counter type="BRANCH" missed="14" covered="0"/><counter type="LINE" missed="28" covered="0"/><counter type="COMPLEXITY" missed="8" covered="0"/><counter type="METHOD" missed="1" covered="0"/></method><method name="DisapproveBankApplication" desc="(Ljava/lang/String;Ljava/util/List;)Lorg/json/simple/JSONObject;" line="203"><counter type="INSTRUCTION" missed="165" covered="0"/><counter type="BRANCH" missed="14" covered="0"/><counter type="LINE" missed="28" covered="0"/><counter type="COMPLEXITY" missed="8" covered="0"/><counter type="METHOD" missed="1" covered="0"/></method><method name="CancelBankApplication" desc="(Ljava/lang/String;Ljava/util/List;)Lorg/json/simple/JSONObject;" line="254"><counter type="INSTRUCTION" missed="165" covered="0"/><counter type="BRANCH" missed="14" covered="0"/><counter type="LINE" missed="28" covered="0"/><counter type="COMPLEXITY" missed="8" covered="0"/><counter type="METHOD" missed="1" covered="0"/></method><method name="updateStatus" desc="(Ljava/util/List;Ljava/lang/String;)Lorg/json/simple/JSONObject;" line="300"><counter type="INSTRUCTION" missed="277" covered="0"/><counter type="BRANCH" missed="20" covered="0"/><counter type="LINE" missed="55" covered="0"/><counter type="COMPLEXITY" missed="11" covered="0"/><counter type="METHOD" missed="1" covered="0"/></method><method name="checkPendingBankApplication" desc="()Lorg/json/simple/JSONObject;" line="379"><counter type="INSTRUCTION" missed="47" covered="0"/><counter type="BRANCH" missed="6" covered="0"/><counter type="LINE" missed="8" covered="0"/><counter type="COMPLEXITY" missed="4" covered="0"/><counter type="METHOD" missed="1" covered="0"/></method><method name="loadTransactionList" desc="(Ljava/lang/String;Ljava/lang/String;)Lorg/json/simple/JSONObject;" line="396"><counter type="INSTRUCTION" missed="356" covered="0"/><counter type="BRANCH" missed="20" covered="0"/><counter type="LINE" missed="54" covered="0"/><counter type="COMPLEXITY" missed="11" covered="0"/><counter type="METHOD" missed="1" covered="0"/></method><method name="SalesInquiryMaster" desc="()Lph/com/guanzongroup/cas/sales/model/Model_Sales_Inquiry_Master;" line="479"><counter type="INSTRUCTION" missed="7" covered="0"/><counter type="LINE" missed="1" covered="0"/><counter type="COMPLEXITY" missed="1" covered="0"/><counter type="METHOD" missed="1" covered="0"/></method><method name="getSalesInquiryCount" desc="()I" line="482"><counter type="INSTRUCTION" missed="12" covered="0"/><counter type="BRANCH" missed="2" covered="0"/><counter type="LINE" missed="3" covered="0"/><counter type="COMPLEXITY" missed="2" covered="0"/><counter type="METHOD" missed="1" covered="0"/></method><method name="SalesInquiryList" desc="(I)Lph/com/guanzongroup/cas/sales/model/Model_Sales_Inquiry_Master;" line="490"><counter type="INSTRUCTION" missed="6" covered="0"/><counter type="LINE" missed="1" covered="0"/><counter type="COMPLEXITY" missed="1" covered="0"/><counter type="METHOD" missed="1" covered="0"/></method><method name="SearchBank" desc="(Ljava/lang/String;ZI)Lorg/json/simple/JSONObject;" line="506"><counter type="INSTRUCTION" missed="142" covered="0"/><counter type="BRANCH" missed="8" covered="0"/><counter type="LINE" missed="21" covered="0"/><counter type="COMPLEXITY" missed="5" covered="0"/><counter type="METHOD" missed="1" covered="0"/></method><method name="checkExistingBank" desc="(Ljava/lang/String;I)Lorg/json/simple/JSONObject;" line="542"><counter type="INSTRUCTION" missed="75" covered="0"/><counter type="BRANCH" missed="10" covered="0"/><counter type="LINE" missed="11" covered="0"/><counter type="COMPLEXITY" missed="6" covered="0"/><counter type="METHOD" missed="1" covered="0"/></method><method name="callApproval" desc="()Lorg/json/simple/JSONObject;" line="569"><counter type="INSTRUCTION" missed="58" covered="0"/><counter type="BRANCH" missed="6" covered="0"/><counter type="LINE" missed="12" covered="0"/><counter type="COMPLEXITY" missed="4" covered="0"/><counter type="METHOD" missed="1" covered="0"/></method><method name="getStatus" desc="(Ljava/lang/String;)Ljava/lang/String;" line="595"><counter type="INSTRUCTION" missed="18" covered="0"/><counter type="BRANCH" missed="5" covered="0"/><counter type="LINE" missed="6" covered="0"/><counter type="COMPLEXITY" missed="5" covered="0"/><counter type="METHOD" missed="1" covered="0"/></method><method name="getInquiryStatus" desc="(Ljava/lang/String;)Ljava/lang/String;" line="610"><counter type="INSTRUCTION" missed="24" covered="0"/><counter type="BRANCH" missed="8" covered="0"/><counter type="LINE" missed="9" covered="0"/><counter type="COMPLEXITY" missed="8" covered="0"/><counter type="METHOD" missed="1" covered="0"/></method><method name="Master" desc="()Lph/com/guanzongroup/cas/sales/model/Model_Sales_Inquiry_Master;" line="636"><counter type="INSTRUCTION" missed="4" covered="0"/><counter type="LINE" missed="1" covered="0"/><counter type="COMPLEXITY" missed="1" covered="0"/><counter type="METHOD" missed="1" covered="0"/></method><method name="Detail" desc="(I)Lph/com/guanzongroup/cas/sales/model/Model_Bank_Application;" line="646"><counter type="INSTRUCTION" missed="6" covered="0"/><counter type="LINE" missed="1" covered="0"/><counter type="COMPLEXITY" missed="1" covered="0"/><counter type="METHOD" missed="1" covered="0"/></method><method name="AddDetail" desc="()Lorg/json/simple/JSONObject;" line="659"><counter type="INSTRUCTION" missed="56" covered="0"/><counter type="BRANCH" missed="10" covered="0"/><counter type="LINE" missed="7" covered="0"/><counter type="COMPLEXITY" missed="6" covered="0"/><counter type="METHOD" missed="1" covered="0"/></method><method name="ReloadDetail" desc="()V" line="681"><counter type="INSTRUCTION" missed="143" covered="0"/><counter type="BRANCH" missed="22" covered="0"/><counter type="LINE" missed="21" covered="0"/><counter type="COMPLEXITY" missed="12" covered="0"/><counter type="METHOD" missed="1" covered="0"/></method><method name="willSave" desc="()Lorg/json/simple/JSONObject;" line="718"><counter type="INSTRUCTION" missed="133" covered="0"/><counter type="BRANCH" missed="14" covered="0"/><counter type="LINE" missed="23" covered="0"/><counter type="COMPLEXITY" missed="8" covered="0"/><counter type="METHOD" missed="1" covered="0"/></method><method name="save" desc="()Lorg/json/simple/JSONObject;" line="758"><counter type="INSTRUCTION" missed="4" covered="0"/><counter type="LINE" missed="1" covered="0"/><counter type="COMPLEXITY" missed="1" covered="0"/><counter type="METHOD" missed="1" covered="0"/></method><method name="saveComplete" desc="()V" line="764"><counter type="INSTRUCTION" missed="4" covered="0"/><counter type="LINE" missed="2" covered="0"/><counter type="COMPLEXITY" missed="1" covered="0"/><counter type="METHOD" missed="1" covered="0"/></method><method name="saveOthers" desc="()Lorg/json/simple/JSONObject;" line="770"><counter type="INSTRUCTION" missed="14" covered="0"/><counter type="LINE" missed="3" covered="0"/><counter type="COMPLEXITY" missed="1" covered="0"/><counter type="METHOD" missed="1" covered="0"/></method><method name="initFields" desc="()Lorg/json/simple/JSONObject;" line="780"><counter type="INSTRUCTION" missed="97" covered="0"/><counter type="LINE" missed="16" covered="0"/><counter type="COMPLEXITY" missed="1" covered="0"/><counter type="METHOD" missed="1" covered="0"/></method><method name="isEntryOkay" desc="(Ljava/lang/String;Lph/com/guanzongroup/cas/sales/model/Model_Bank_Application;)Lorg/json/simple/JSONObject;" line="802"><counter type="INSTRUCTION" missed="21" covered="0"/><counter type="LINE" missed="6" covered="0"/><counter type="COMPLEXITY" missed="1" covered="0"/><counter type="METHOD" missed="1" covered="0"/></method><method name="initSQL" desc="()V" line="815"><counter type="INSTRUCTION" missed="4" covered="0"/><counter type="LINE" missed="2" covered="0"/><counter type="COMPLEXITY" missed="1" covered="0"/><counter type="METHOD" missed="1" covered="0"/></method><method name="setJSON" desc="(Ljava/lang/String;Ljava/lang/String;)Lorg/json/simple/JSONObject;" line="844"><counter type="INSTRUCTION" missed="16" covered="0"/><counter type="LINE" missed="4" covered="0"/><counter type="COMPLEXITY" missed="1" covered="0"/><counter type="METHOD" missed="1" covered="0"/></method><method name="isJSONSuccess" desc="(Lorg/json/simple/JSONObject;)Z" line="859"><counter type="INSTRUCTION" missed="18" covered="0"/><counter type="BRANCH" missed="4" covered="0"/><counter type="LINE" missed="1" covered="0"/><counter type="COMPLEXITY" missed="3" covered="0"/><counter type="METHOD" missed="1" covered="0"/></method><method name="getStatusHistory" desc="(I)Ljavax/sql/rowset/CachedRowSet;" line="863"><counter type="INSTRUCTION" missed="50" covered="0"/><counter type="LINE" missed="10" covered="0"/><counter type="COMPLEXITY" missed="1" covered="0"/><counter type="METHOD" missed="1" covered="0"/></method><method name="ShowStatusHistory" desc="(I)V" line="889"><counter type="INSTRUCTION" missed="121" covered="0"/><counter type="BRANCH" missed="15" covered="0"/><counter type="LINE" missed="33" covered="0"/><counter type="COMPLEXITY" missed="12" covered="0"/><counter type="METHOD" missed="1" covered="0"/></method><method name="getEntryBy" desc="(I)Lorg/json/simple/JSONObject;" line="950"><counter type="INSTRUCTION" missed="188" covered="0"/><counter type="BRANCH" missed="10" covered="0"/><counter type="LINE" missed="31" covered="0"/><counter type="COMPLEXITY" missed="6" covered="0"/><counter type="METHOD" missed="1" covered="0"/></method><method name="getSysUser" desc="(Ljava/lang/String;Z)Ljava/lang/String;" line="1002"><counter type="INSTRUCTION" missed="69" covered="0"/><counter type="BRANCH" missed="6" covered="0"/><counter type="LINE" missed="16" covered="0"/><counter type="COMPLEXITY" missed="4" covered="0"/><counter type="METHOD" missed="1" covered="0"/></method><counter type="INSTRUCTION" missed="2655" covered="0"/><counter type="BRANCH" missed="214" covered="0"/><counter type="LINE" missed="488" covered="0"/><counter type="COMPLEXITY" missed="156" covered="0"/><counter type="METHOD" missed="41" covered="0"/><counter type="CLASS" missed="1" covered="0"/></class><class name="ph/com/guanzongroup/cas/sales/CasSalesT1" sourcefilename="CasSalesT1.java"><method name="&lt;init&gt;" desc="()V" line="3"><counter type="INSTRUCTION" missed="3" covered="0"/><counter type="LINE" missed="1" covered="0"/><counter type="COMPLEXITY" missed="1" covered="0"/><counter type="METHOD" missed="1" covered="0"/></method><method name="main" desc="([Ljava/lang/String;)V" line="6"><counter type="INSTRUCTION" missed="4" covered="0"/><counter type="LINE" missed="2" covered="0"/><counter type="COMPLEXITY" missed="1" covered="0"/><counter type="METHOD" missed="1" covered="0"/></method><counter type="INSTRUCTION" missed="7" covered="0"/><counter type="LINE" missed="3" covered="0"/><counter type="COMPLEXITY" missed="2" covered="0"/><counter type="METHOD" missed="2" covered="0"/><counter type="CLASS" missed="1" covered="0"/></class><class name="ph/com/guanzongroup/cas/sales/RequirementsSource" sourcefilename="RequirementsSource.java"><method name="&lt;init&gt;" desc="()V" line="27"><counter type="INSTRUCTION" missed="3" covered="0"/><counter type="LINE" missed="1" covered="0"/><counter type="COMPLEXITY" missed="1" covered="0"/><counter type="METHOD" missed="1" covered="0"/></method><method name="initialize" desc="()V" line="32"><counter type="INSTRUCTION" missed="14" covered="0"/><counter type="LINE" missed="4" covered="0"/><counter type="COMPLEXITY" missed="1" covered="0"/><counter type="METHOD" missed="1" covered="0"/></method><method name="getModel" desc="()Lph/com/guanzongroup/cas/sales/model/Model_Requirement_Source;" line="40"><counter type="INSTRUCTION" missed="3" covered="0"/><counter type="LINE" missed="1" covered="0"/><counter type="COMPLEXITY" missed="1" covered="0"/><counter type="METHOD" missed="1" covered="0"/></method><method name="SalesInquirySources" desc="()Lph/com/guanzongroup/cas/sales/model/Model_Requirement_Source;" line="44"><counter type="INSTRUCTION" missed="7" covered="0"/><counter type="LINE" missed="1" covered="0"/><counter type="COMPLEXITY" missed="1" covered="0"/><counter type="METHOD" missed="1" covered="0"/></method><method name="DeactivateRecord" desc="()Lorg/json/simple/JSONObject;" line="52"><counter type="INSTRUCTION" missed="43" covered="0"/><counter type="BRANCH" missed="4" covered="0"/><counter type="LINE" missed="9" covered="0"/><counter type="COMPLEXITY" missed="3" covered="0"/><counter type="METHOD" missed="1" covered="0"/></method><method name="ActivateRecord" desc="()Lorg/json/simple/JSONObject;" line="71"><counter type="INSTRUCTION" missed="29" covered="0"/><counter type="BRANCH" missed="2" covered="0"/><counter type="LINE" missed="6" covered="0"/><counter type="COMPLEXITY" missed="2" covered="0"/><counter type="METHOD" missed="1" covered="0"/></method><method name="isEntryOkay" desc="()Lorg/json/simple/JSONObject;" line="82"><counter type="INSTRUCTION" missed="109" covered="0"/><counter type="BRANCH" missed="10" covered="0"/><counter type="LINE" missed="21" covered="0"/><counter type="COMPLEXITY" missed="6" covered="0"/><counter type="METHOD" missed="1" covered="0"/></method><method name="checkExistingSource" desc="()Lorg/json/simple/JSONObject;" line="116"><counter type="INSTRUCTION" missed="107" covered="0"/><counter type="BRANCH" missed="4" covered="0"/><counter type="LINE" missed="15" covered="0"/><counter type="COMPLEXITY" missed="3" covered="0"/><counter type="METHOD" missed="1" covered="0"/></method><method name="checkExistingSourcePerGroup" desc="()Lorg/json/simple/JSONObject;" line="141"><counter type="INSTRUCTION" missed="151" covered="0"/><counter type="BRANCH" missed="8" covered="0"/><counter type="LINE" missed="24" covered="0"/><counter type="COMPLEXITY" missed="5" covered="0"/><counter type="METHOD" missed="1" covered="0"/></method><method name="searchRecord" desc="(Ljava/lang/String;Z)Lorg/json/simple/JSONObject;" line="176"><counter type="INSTRUCTION" missed="124" covered="0"/><counter type="BRANCH" missed="10" covered="0"/><counter type="LINE" missed="16" covered="0"/><counter type="COMPLEXITY" missed="6" covered="0"/><counter type="METHOD" missed="1" covered="0"/></method><counter type="INSTRUCTION" missed="590" covered="0"/><counter type="BRANCH" missed="38" covered="0"/><counter type="LINE" missed="98" covered="0"/><counter type="COMPLEXITY" missed="29" covered="0"/><counter type="METHOD" missed="10" covered="0"/><counter type="CLASS" missed="1" covered="0"/></class><class name="ph/com/guanzongroup/cas/sales/SalesAgent" sourcefilename="SalesAgent.java"><method name="&lt;init&gt;" desc="()V" line="43"><counter type="INSTRUCTION" missed="3" covered="0"/><counter type="LINE" missed="1" covered="0"/><counter type="COMPLEXITY" missed="1" covered="0"/><counter type="METHOD" missed="1" covered="0"/></method><method name="initialize" desc="()V" line="48"><counter type="INSTRUCTION" missed="19" covered="0"/><counter type="LINE" missed="5" covered="0"/><counter type="COMPLEXITY" missed="1" covered="0"/><counter type="METHOD" missed="1" covered="0"/></method><method name="getModel" desc="()Lph/com/guanzongroup/cas/sales/model/Model_Sales_Agent;" line="56"><counter type="INSTRUCTION" missed="3" covered="0"/><counter type="LINE" missed="1" covered="0"/><counter type="COMPLEXITY" missed="1" covered="0"/><counter type="METHOD" missed="1" covered="0"/></method><method name="resetModel" desc="()V" line="60"><counter type="INSTRUCTION" missed="9" covered="0"/><counter type="LINE" missed="2" covered="0"/><counter type="COMPLEXITY" missed="1" covered="0"/><counter type="METHOD" missed="1" covered="0"/></method><method name="isEntryOkay" desc="()Lorg/json/simple/JSONObject;" line="65"><counter type="INSTRUCTION" missed="111" covered="0"/><counter type="BRANCH" missed="8" covered="0"/><counter type="LINE" missed="21" covered="0"/><counter type="COMPLEXITY" missed="5" covered="0"/><counter type="METHOD" missed="1" covered="0"/></method><method name="searchRecord" desc="(Ljava/lang/String;Z)Lorg/json/simple/JSONObject;" line="100"><counter type="INSTRUCTION" missed="124" covered="0"/><counter type="BRANCH" missed="10" covered="0"/><counter type="LINE" missed="16" covered="0"/><counter type="COMPLEXITY" missed="6" covered="0"/><counter type="METHOD" missed="1" covered="0"/></method><method name="loadModelList" desc="()Lorg/json/simple/JSONObject;" line="136"><counter type="INSTRUCTION" missed="193" covered="0"/><counter type="BRANCH" missed="4" covered="0"/><counter type="LINE" missed="33" covered="0"/><counter type="COMPLEXITY" missed="3" covered="0"/><counter type="METHOD" missed="1" covered="0"/></method><method name="SalesmanModel" desc="()Lph/com/guanzongroup/cas/sales/model/Model_Sales_Agent;" line="181"><counter type="INSTRUCTION" missed="7" covered="0"/><counter type="LINE" missed="1" covered="0"/><counter type="COMPLEXITY" missed="1" covered="0"/><counter type="METHOD" missed="1" covered="0"/></method><method name="getModelCount" desc="()I" line="184"><counter type="INSTRUCTION" missed="12" covered="0"/><counter type="BRANCH" missed="2" covered="0"/><counter type="LINE" missed="3" covered="0"/><counter type="COMPLEXITY" missed="2" covered="0"/><counter type="METHOD" missed="1" covered="0"/></method><method name="ModelList" desc="(I)Lph/com/guanzongroup/cas/sales/model/Model_Sales_Agent;" line="192"><counter type="INSTRUCTION" missed="6" covered="0"/><counter type="LINE" missed="1" covered="0"/><counter type="COMPLEXITY" missed="1" covered="0"/><counter type="METHOD" missed="1" covered="0"/></method><method name="SearchClient" desc="(Ljava/lang/String;Z)Lorg/json/simple/JSONObject;" line="198"><counter type="INSTRUCTION" missed="95" covered="0"/><counter type="BRANCH" missed="6" covered="0"/><counter type="LINE" missed="14" covered="0"/><counter type="COMPLEXITY" missed="4" covered="0"/><counter type="METHOD" missed="1" covered="0"/></method><method name="getSQ_Browse" desc="()Ljava/lang/String;" line="222"><counter type="INSTRUCTION" missed="2" covered="0"/><counter type="LINE" missed="1" covered="0"/><counter type="COMPLEXITY" missed="1" covered="0"/><counter type="METHOD" missed="1" covered="0"/></method><method name="seekApproval" desc="()Lorg/json/simple/JSONObject;" line="258"><counter type="INSTRUCTION" missed="53" covered="0"/><counter type="BRANCH" missed="6" covered="0"/><counter type="LINE" missed="10" covered="0"/><counter type="COMPLEXITY" missed="4" covered="0"/><counter type="METHOD" missed="1" covered="0"/></method><method name="DeActivateRecord" desc="(Ljava/lang/String;)Lorg/json/simple/JSONObject;" line="281"><counter type="INSTRUCTION" missed="125" covered="0"/><counter type="BRANCH" missed="16" covered="0"/><counter type="LINE" missed="25" covered="0"/><counter type="COMPLEXITY" missed="9" covered="0"/><counter type="METHOD" missed="1" covered="0"/></method><method name="ActivateRecord" desc="(Ljava/lang/String;)Lorg/json/simple/JSONObject;" line="325"><counter type="INSTRUCTION" missed="125" covered="0"/><counter type="BRANCH" missed="16" covered="0"/><counter type="LINE" missed="25" covered="0"/><counter type="COMPLEXITY" missed="9" covered="0"/><counter type="METHOD" missed="1" covered="0"/></method><method name="DisapproveRecord" desc="(Ljava/lang/String;)Lorg/json/simple/JSONObject;" line="369"><counter type="INSTRUCTION" missed="125" covered="0"/><counter type="BRANCH" missed="16" covered="0"/><counter type="LINE" missed="25" covered="0"/><counter type="COMPLEXITY" missed="9" covered="0"/><counter type="METHOD" missed="1" covered="0"/></method><method name="ShowStatusHistory" desc="()V" line="411"><counter type="INSTRUCTION" missed="120" covered="0"/><counter type="BRANCH" missed="15" covered="0"/><counter type="LINE" missed="33" covered="0"/><counter type="COMPLEXITY" missed="12" covered="0"/><counter type="METHOD" missed="1" covered="0"/></method><method name="getEntryBy" desc="()Lorg/json/simple/JSONObject;" line="468"><counter type="INSTRUCTION" missed="144" covered="0"/><counter type="BRANCH" missed="10" covered="0"/><counter type="LINE" missed="27" covered="0"/><counter type="COMPLEXITY" missed="6" covered="0"/><counter type="METHOD" missed="1" covered="0"/></method><method name="getSysUser" desc="(Ljava/lang/String;)Ljava/lang/String;" line="507"><counter type="INSTRUCTION" missed="62" covered="0"/><counter type="BRANCH" missed="4" covered="0"/><counter type="LINE" missed="14" covered="0"/><counter type="COMPLEXITY" missed="3" covered="0"/><counter type="METHOD" missed="1" covered="0"/></method><method name="getConfirmedBy" desc="()Lorg/json/simple/JSONObject;" line="527"><counter type="INSTRUCTION" missed="144" covered="0"/><counter type="BRANCH" missed="10" covered="0"/><counter type="LINE" missed="27" covered="0"/><counter type="COMPLEXITY" missed="6" covered="0"/><counter type="METHOD" missed="1" covered="0"/></method><method name="addAgent" desc="()Lorg/json/simple/JSONObject;" line="569"><counter type="INSTRUCTION" missed="76" covered="0"/><counter type="BRANCH" missed="10" covered="0"/><counter type="LINE" missed="18" covered="0"/><counter type="COMPLEXITY" missed="6" covered="0"/><counter type="METHOD" missed="1" covered="0"/></method><method name="checkDuplicateAgent" desc="(Ljava/lang/String;)Lorg/json/simple/JSONObject;" line="615"><counter type="INSTRUCTION" missed="58" covered="0"/><counter type="BRANCH" missed="4" covered="0"/><counter type="LINE" missed="13" covered="0"/><counter type="COMPLEXITY" missed="3" covered="0"/><counter type="METHOD" missed="1" covered="0"/></method><method name="getClientSummary" desc="(Ljava/lang/String;)Lorg/json/simple/JSONObject;" line="640"><counter type="INSTRUCTION" missed="99" covered="0"/><counter type="BRANCH" missed="2" covered="0"/><counter type="LINE" missed="20" covered="0"/><counter type="COMPLEXITY" missed="2" covered="0"/><counter type="METHOD" missed="1" covered="0"/></method><counter type="INSTRUCTION" missed="1715" covered="0"/><counter type="BRANCH" missed="139" covered="0"/><counter type="LINE" missed="336" covered="0"/><counter type="COMPLEXITY" missed="96" covered="0"/><counter type="METHOD" missed="23" covered="0"/><counter type="CLASS" missed="1" covered="0"/></class><class name="ph/com/guanzongroup/cas/sales/CustomerInquiryFollowUp" sourcefilename="CustomerInquiryFollowUp.java"><method name="&lt;init&gt;" desc="()V" line="76"><counter type="INSTRUCTION" missed="0" covered="12"/><counter type="LINE" missed="0" covered="4"/><counter type="COMPLEXITY" missed="0" covered="1"/><counter type="METHOD" missed="0" covered="1"/></method><method name="initialize" desc="()V" line="85"><counter type="INSTRUCTION" missed="0" covered="27"/><counter type="LINE" missed="0" covered="6"/><counter type="COMPLEXITY" missed="0" covered="1"/><counter type="METHOD" missed="0" covered="1"/></method><method name="TransactionAttachment" desc="()Lorg/guanzon/appdriver/agent/systables/TransactionAttachment;" line="94"><counter type="INSTRUCTION" missed="0" covered="8"/><counter type="LINE" missed="0" covered="1"/><counter type="COMPLEXITY" missed="0" covered="1"/><counter type="METHOD" missed="0" covered="1"/></method><method name="TransactionAttachmentList" desc="(I)Lorg/guanzon/appdriver/agent/systables/TransactionAttachment;" line="98"><counter type="INSTRUCTION" missed="0" covered="6"/><counter type="LINE" missed="0" covered="1"/><counter type="COMPLEXITY" missed="0" covered="1"/><counter type="METHOD" missed="0" covered="1"/></method><method name="getTransactionAttachmentCount" desc="()I" line="102"><counter type="INSTRUCTION" missed="5" covered="7"/><counter type="BRANCH" missed="1" covered="1"/><counter type="LINE" missed="1" covered="2"/><counter type="COMPLEXITY" missed="1" covered="1"/><counter type="METHOD" missed="0" covered="1"/></method><method name="addAttachment" desc="()Lorg/json/simple/JSONObject;" line="111"><counter type="INSTRUCTION" missed="7" covered="64"/><counter type="BRANCH" missed="1" covered="3"/><counter type="LINE" missed="1" covered="10"/><counter type="COMPLEXITY" missed="1" covered="2"/><counter type="METHOD" missed="0" covered="1"/></method><method name="removeAttachment" desc="(I)Lorg/json/simple/JSONObject;" line="129"><counter type="INSTRUCTION" missed="21" covered="57"/><counter type="BRANCH" missed="1" covered="3"/><counter type="LINE" missed="2" covered="10"/><counter type="COMPLEXITY" missed="1" covered="2"/><counter type="METHOD" missed="0" covered="1"/></method><method name="addAttachment" desc="(Ljava/lang/String;)I" line="149"><counter type="INSTRUCTION" missed="2" covered="97"/><counter type="BRANCH" missed="2" covered="4"/><counter type="LINE" missed="0" covered="11"/><counter type="COMPLEXITY" missed="2" covered="2"/><counter type="METHOD" missed="0" covered="1"/></method><method name="copyFile" desc="(Ljava/lang/String;)V" line="165"><counter type="INSTRUCTION" missed="5" covered="37"/><counter type="BRANCH" missed="1" covered="1"/><counter type="LINE" missed="1" covered="9"/><counter type="COMPLEXITY" missed="1" covered="1"/><counter type="METHOD" missed="0" covered="1"/></method><method name="loadAttachments" desc="()Lorg/json/simple/JSONObject;" line="187"><counter type="INSTRUCTION" missed="233" covered="36"/><counter type="BRANCH" missed="9" covered="1"/><counter type="LINE" missed="25" covered="6"/><counter type="COMPLEXITY" missed="5" covered="1"/><counter type="METHOD" missed="0" covered="1"/></method><method name="resetattachment" desc="()V" line="236"><counter type="INSTRUCTION" missed="0" covered="6"/><counter type="LINE" missed="0" covered="2"/><counter type="COMPLEXITY" missed="0" covered="1"/><counter type="METHOD" missed="0" covered="1"/></method><method name="getModel" desc="()Lph/com/guanzongroup/cas/sales/model/Model_Customer_Inquiry_FollowUp;" line="255"><counter type="INSTRUCTION" missed="0" covered="3"/><counter type="LINE" missed="0" covered="1"/><counter type="COMPLEXITY" missed="0" covered="1"/><counter type="METHOD" missed="0" covered="1"/></method><method name="isEntryOkay" desc="()Lorg/json/simple/JSONObject;" line="288"><counter type="INSTRUCTION" missed="30" covered="320"/><counter type="BRANCH" missed="14" covered="36"/><counter type="LINE" missed="6" covered="52"/><counter type="COMPLEXITY" missed="14" covered="12"/><counter type="METHOD" missed="0" covered="1"/></method><method name="willSave" desc="()Lorg/json/simple/JSONObject;" line="409"><counter type="INSTRUCTION" missed="179" covered="142"/><counter type="BRANCH" missed="13" covered="7"/><counter type="LINE" missed="29" covered="19"/><counter type="COMPLEXITY" missed="10" covered="1"/><counter type="METHOD" missed="0" covered="1"/></method><method name="uploadCASAttachments" desc="(Lorg/guanzon/appdriver/base/GRiderCAS;Ljava/lang/String;ILjava/lang/String;)Lorg/json/simple/JSONObject;" line="482"><counter type="INSTRUCTION" missed="184" covered="121"/><counter type="BRANCH" missed="8" covered="2"/><counter type="LINE" missed="20" covered="12"/><counter type="COMPLEXITY" missed="5" covered="1"/><counter type="METHOD" missed="0" covered="1"/></method><method name="encodeFileToBase64Binary" desc="(Ljava/io/File;)Ljava/lang/String;" line="535"><counter type="INSTRUCTION" missed="21" covered="0"/><counter type="LINE" missed="4" covered="0"/><counter type="COMPLEXITY" missed="1" covered="0"/><counter type="METHOD" missed="1" covered="0"/></method><method name="getAccessToken" desc="(Ljava/lang/String;)Ljava/lang/String;" line="544"><counter type="INSTRUCTION" missed="69" covered="0"/><counter type="BRANCH" missed="4" covered="0"/><counter type="LINE" missed="16" covered="0"/><counter type="COMPLEXITY" missed="3" covered="0"/><counter type="METHOD" missed="1" covered="0"/></method><method name="checkExistingFileName" desc="(Ljava/lang/String;)Lorg/json/simple/JSONObject;" line="570"><counter type="INSTRUCTION" missed="29" covered="46"/><counter type="BRANCH" missed="7" covered="1"/><counter type="LINE" missed="6" covered="9"/><counter type="COMPLEXITY" missed="4" covered="1"/><counter type="METHOD" missed="0" covered="1"/></method><method name="setValueToOthers" desc="()Lorg/json/simple/JSONObject;" line="595"><counter type="INSTRUCTION" missed="0" covered="22"/><counter type="LINE" missed="0" covered="4"/><counter type="COMPLEXITY" missed="0" covered="1"/><counter type="METHOD" missed="0" covered="1"/></method><method name="UpdateSource" desc="(Ljava/lang/String;Ljava/lang/String;)V" line="603"><counter type="INSTRUCTION" missed="0" covered="37"/><counter type="LINE" missed="0" covered="8"/><counter type="COMPLEXITY" missed="0" covered="1"/><counter type="METHOD" missed="0" covered="1"/></method><method name="saveUpdates" desc="()Lorg/json/simple/JSONObject;" line="615"><counter type="INSTRUCTION" missed="18" covered="0"/><counter type="LINE" missed="4" covered="0"/><counter type="COMPLEXITY" missed="1" covered="0"/><counter type="METHOD" missed="1" covered="0"/></method><method name="saveOthers" desc="()Lorg/json/simple/JSONObject;" line="622"><counter type="INSTRUCTION" missed="154" covered="0"/><counter type="BRANCH" missed="14" covered="0"/><counter type="LINE" missed="25" covered="0"/><counter type="COMPLEXITY" missed="8" covered="0"/><counter type="METHOD" missed="1" covered="0"/></method><method name="searchRecord" desc="(Ljava/lang/String;Z)Lorg/json/simple/JSONObject;" line="684"><counter type="INSTRUCTION" missed="61" covered="63"/><counter type="BRANCH" missed="5" covered="5"/><counter type="LINE" missed="7" covered="9"/><counter type="COMPLEXITY" missed="4" covered="2"/><counter type="METHOD" missed="0" covered="1"/></method><method name="SearchSalesPerson" desc="(Ljava/lang/String;Z)Lorg/json/simple/JSONObject;" line="744"><counter type="INSTRUCTION" missed="7" covered="34"/><counter type="BRANCH" missed="1" covered="1"/><counter type="LINE" missed="1" covered="6"/><counter type="COMPLEXITY" missed="1" covered="1"/><counter type="METHOD" missed="0" covered="1"/></method><method name="FilterBySalesPerson" desc="(Ljava/lang/String;Z)Lorg/json/simple/JSONObject;" line="780"><counter type="INSTRUCTION" missed="26" covered="34"/><counter type="BRANCH" missed="1" covered="1"/><counter type="LINE" missed="4" covered="6"/><counter type="COMPLEXITY" missed="1" covered="1"/><counter type="METHOD" missed="0" covered="1"/></method><method name="FilterByCustomerName" desc="(Ljava/lang/String;Z)Lorg/json/simple/JSONObject;" line="799"><counter type="INSTRUCTION" missed="43" covered="17"/><counter type="BRANCH" missed="2" covered="0"/><counter type="LINE" missed="7" covered="3"/><counter type="COMPLEXITY" missed="1" covered="1"/><counter type="METHOD" missed="0" covered="1"/></method><method name="RetreiveSource" desc="(Ljava/lang/String;Ljava/lang/String;Ljava/lang/String;Ljava/time/LocalDate;Ljava/time/LocalDate;)Lorg/json/simple/JSONObject;" line="859"><counter type="INSTRUCTION" missed="27" covered="360"/><counter type="BRANCH" missed="6" covered="26"/><counter type="LINE" missed="4" covered="66"/><counter type="COMPLEXITY" missed="6" covered="13"/><counter type="METHOD" missed="0" covered="1"/></method><method name="RetreiveCustomerInquiryFollowUps" desc="(Ljava/lang/String;Ljava/lang/String;)Lorg/json/simple/JSONObject;" line="1019"><counter type="INSTRUCTION" missed="0" covered="192"/><counter type="BRANCH" missed="2" covered="10"/><counter type="LINE" missed="0" covered="38"/><counter type="COMPLEXITY" missed="2" covered="5"/><counter type="METHOD" missed="0" covered="1"/></method><method name="OpenSalesInquiry" desc="(Ljava/lang/String;)Lorg/json/simple/JSONObject;" line="1099"><counter type="INSTRUCTION" missed="0" covered="81"/><counter type="BRANCH" missed="0" covered="2"/><counter type="LINE" missed="0" covered="13"/><counter type="COMPLEXITY" missed="0" covered="2"/><counter type="METHOD" missed="0" covered="1"/></method><method name="OpenClient" desc="(Ljava/lang/String;)Lorg/json/simple/JSONObject;" line="1120"><counter type="INSTRUCTION" missed="0" covered="136"/><counter type="BRANCH" missed="3" covered="7"/><counter type="LINE" missed="0" covered="26"/><counter type="COMPLEXITY" missed="3" covered="3"/><counter type="METHOD" missed="0" covered="1"/></method><method name="&lt;clinit&gt;" desc="()V" line="541"><counter type="INSTRUCTION" missed="0" covered="3"/><counter type="LINE" missed="0" covered="1"/><counter type="COMPLEXITY" missed="0" covered="1"/><counter type="METHOD" missed="0" covered="1"/></method><counter type="INSTRUCTION" missed="1121" covered="1968"/><counter type="BRANCH" missed="95" covered="111"/><counter type="LINE" missed="163" covered="335"/><counter type="COMPLEXITY" missed="75" covered="61"/><counter type="METHOD" missed="4" covered="27"/><counter type="CLASS" missed="0" covered="1"/></class><class name="ph/com/guanzongroup/cas/sales/RequirementsSourcePerGroup" sourcefilename="RequirementsSourcePerGroup.java"><method name="&lt;init&gt;" desc="()V" line="32"><counter type="INSTRUCTION" missed="3" covered="0"/><counter type="LINE" missed="1" covered="0"/><counter type="COMPLEXITY" missed="1" covered="0"/><counter type="METHOD" missed="1" covered="0"/></method><method name="initialize" desc="()V" line="37"><counter type="INSTRUCTION" missed="19" covered="0"/><counter type="LINE" missed="5" covered="0"/><counter type="COMPLEXITY" missed="1" covered="0"/><counter type="METHOD" missed="1" covered="0"/></method><method name="getModel" desc="()Lph/com/guanzongroup/cas/sales/model/Model_Requirement_Source_PerGroup;" line="46"><counter type="INSTRUCTION" missed="3" covered="0"/><counter type="LINE" missed="1" covered="0"/><counter type="COMPLEXITY" missed="1" covered="0"/><counter type="METHOD" missed="1" covered="0"/></method><method name="RequirementsSourcePerGroup" desc="()Lph/com/guanzongroup/cas/sales/model/Model_Requirement_Source_PerGroup;" line="50"><counter type="INSTRUCTION" missed="7" covered="0"/><counter type="LINE" missed="1" covered="0"/><counter type="COMPLEXITY" missed="1" covered="0"/><counter type="METHOD" missed="1" covered="0"/></method><method name="ParameterList" desc="(I)Lph/com/guanzongroup/cas/sales/model/Model_Requirement_Source_PerGroup;" line="54"><counter type="INSTRUCTION" missed="6" covered="0"/><counter type="LINE" missed="1" covered="0"/><counter type="COMPLEXITY" missed="1" covered="0"/><counter type="METHOD" missed="1" covered="0"/></method><method name="getParameterCount" desc="()I" line="58"><counter type="INSTRUCTION" missed="4" covered="0"/><counter type="LINE" missed="1" covered="0"/><counter type="COMPLEXITY" missed="1" covered="0"/><counter type="METHOD" missed="1" covered="0"/></method><method name="DeactivateRecord" desc="()Lorg/json/simple/JSONObject;" line="65"><counter type="INSTRUCTION" missed="29" covered="0"/><counter type="BRANCH" missed="2" covered="0"/><counter type="LINE" missed="6" covered="0"/><counter type="COMPLEXITY" missed="2" covered="0"/><counter type="METHOD" missed="1" covered="0"/></method><method name="ActivateRecord" desc="()Lorg/json/simple/JSONObject;" line="78"><counter type="INSTRUCTION" missed="29" covered="0"/><counter type="BRANCH" missed="2" covered="0"/><counter type="LINE" missed="6" covered="0"/><counter type="COMPLEXITY" missed="2" covered="0"/><counter type="METHOD" missed="1" covered="0"/></method><method name="isEntryOkay" desc="()Lorg/json/simple/JSONObject;" line="89"><counter type="INSTRUCTION" missed="149" covered="0"/><counter type="BRANCH" missed="14" covered="0"/><counter type="LINE" missed="29" covered="0"/><counter type="COMPLEXITY" missed="8" covered="0"/><counter type="METHOD" missed="1" covered="0"/></method><method name="checkExistingSource" desc="()Lorg/json/simple/JSONObject;" line="132"><counter type="INSTRUCTION" missed="131" covered="0"/><counter type="BRANCH" missed="4" covered="0"/><counter type="LINE" missed="18" covered="0"/><counter type="COMPLEXITY" missed="3" covered="0"/><counter type="METHOD" missed="1" covered="0"/></method><method name="searchRecord" desc="(Ljava/lang/String;Z)Lorg/json/simple/JSONObject;" line="161"><counter type="INSTRUCTION" missed="142" covered="0"/><counter type="BRANCH" missed="12" covered="0"/><counter type="LINE" missed="19" covered="0"/><counter type="COMPLEXITY" missed="7" covered="0"/><counter type="METHOD" missed="1" covered="0"/></method><method name="SearchRequirmentSource" desc="(Ljava/lang/String;Z)Lorg/json/simple/JSONObject;" line="200"><counter type="INSTRUCTION" missed="41" covered="0"/><counter type="BRANCH" missed="2" covered="0"/><counter type="LINE" missed="7" covered="0"/><counter type="COMPLEXITY" missed="2" covered="0"/><counter type="METHOD" missed="1" covered="0"/></method><method name="loadParameterList" desc="(Ljava/lang/String;Ljava/lang/String;)Lorg/json/simple/JSONObject;" line="219"><counter type="INSTRUCTION" missed="328" covered="0"/><counter type="BRANCH" missed="18" covered="0"/><counter type="LINE" missed="45" covered="0"/><counter type="COMPLEXITY" missed="10" covered="0"/><counter type="METHOD" missed="1" covered="0"/></method><method name="getPaymentModeCase" desc="()Ljava/lang/String;" line="285"><counter type="INSTRUCTION" missed="2" covered="0"/><counter type="LINE" missed="1" covered="0"/><counter type="COMPLEXITY" missed="1" covered="0"/><counter type="METHOD" missed="1" covered="0"/></method><method name="getCustomerGroupCase" desc="()Ljava/lang/String;" line="298"><counter type="INSTRUCTION" missed="2" covered="0"/><counter type="LINE" missed="1" covered="0"/><counter type="COMPLEXITY" missed="1" covered="0"/><counter type="METHOD" missed="1" covered="0"/></method><method name="getSQ_Browse" desc="()Ljava/lang/String;" line="310"><counter type="INSTRUCTION" missed="17" covered="0"/><counter type="LINE" missed="3" covered="0"/><counter type="COMPLEXITY" missed="1" covered="0"/><counter type="METHOD" missed="1" covered="0"/></method><counter type="INSTRUCTION" missed="912" covered="0"/><counter type="BRANCH" missed="54" covered="0"/><counter type="LINE" missed="145" covered="0"/><counter type="COMPLEXITY" missed="43" covered="0"/><counter type="METHOD" missed="16" covered="0"/><counter type="CLASS" missed="1" covered="0"/></class><class name="ph/com/guanzongroup/cas/sales/SalesAgent$SalesAgentConstants" sourcefilename="SalesAgent.java"><method name="&lt;init&gt;" desc="()V" line="233"><counter type="INSTRUCTION" missed="3" covered="0"/><counter type="LINE" missed="1" covered="0"/><counter type="COMPLEXITY" missed="1" covered="0"/><counter type="METHOD" missed="1" covered="0"/></method><counter type="INSTRUCTION" missed="3" covered="0"/><counter type="LINE" missed="1" covered="0"/><counter type="COMPLEXITY" missed="1" covered="0"/><counter type="METHOD" missed="1" covered="0"/><counter type="CLASS" missed="1" covered="0"/></class><class name="ph/com/guanzongroup/cas/sales/Salesman" sourcefilename="Salesman.java"><method name="&lt;init&gt;" desc="()V" line="32"><counter type="INSTRUCTION" missed="0" covered="3"/><counter type="LINE" missed="0" covered="1"/><counter type="COMPLEXITY" missed="0" covered="1"/><counter type="METHOD" missed="0" covered="1"/></method><method name="initialize" desc="()V" line="38"><counter type="INSTRUCTION" missed="0" covered="19"/><counter type="LINE" missed="0" covered="5"/><counter type="COMPLEXITY" missed="0" covered="1"/><counter type="METHOD" missed="0" covered="1"/></method><method name="getModel" desc="()Lph/com/guanzongroup/cas/sales/model/Model_Salesman;" line="46"><counter type="INSTRUCTION" missed="3" covered="0"/><counter type="LINE" missed="1" covered="0"/><counter type="COMPLEXITY" missed="1" covered="0"/><counter type="METHOD" missed="1" covered="0"/></method><method name="resetModel" desc="()V" line="50"><counter type="INSTRUCTION" missed="9" covered="0"/><counter type="LINE" missed="2" covered="0"/><counter type="COMPLEXITY" missed="1" covered="0"/><counter type="METHOD" missed="1" covered="0"/></method><method name="isEntryOkay" desc="()Lorg/json/simple/JSONObject;" line="55"><counter type="INSTRUCTION" missed="131" covered="0"/><counter type="BRANCH" missed="10" covered="0"/><counter type="LINE" missed="25" covered="0"/><counter type="COMPLEXITY" missed="6" covered="0"/><counter type="METHOD" missed="1" covered="0"/></method><method name="searchRecord" desc="(Ljava/lang/String;Z)Lorg/json/simple/JSONObject;" line="96"><counter type="INSTRUCTION" missed="62" covered="62"/><counter type="BRANCH" missed="6" covered="4"/><counter type="LINE" missed="7" covered="9"/><counter type="COMPLEXITY" missed="5" covered="1"/><counter type="METHOD" missed="0" covered="1"/></method><method name="searchRecord" desc="(Ljava/lang/String;ZLjava/lang/String;)Lorg/json/simple/JSONObject;" line="131"><counter type="INSTRUCTION" missed="147" covered="0"/><counter type="BRANCH" missed="14" covered="0"/><counter type="LINE" missed="18" covered="0"/><counter type="COMPLEXITY" missed="8" covered="0"/><counter type="METHOD" missed="1" covered="0"/></method><method name="loadModelList" desc="()Lorg/json/simple/JSONObject;" line="171"><counter type="INSTRUCTION" missed="193" covered="0"/><counter type="BRANCH" missed="4" covered="0"/><counter type="LINE" missed="33" covered="0"/><counter type="COMPLEXITY" missed="3" covered="0"/><counter type="METHOD" missed="1" covered="0"/></method><method name="SalesmanModel" desc="()Lph/com/guanzongroup/cas/sales/model/Model_Salesman;" line="216"><counter type="INSTRUCTION" missed="7" covered="0"/><counter type="LINE" missed="1" covered="0"/><counter type="COMPLEXITY" missed="1" covered="0"/><counter type="METHOD" missed="1" covered="0"/></method><method name="getModelCount" desc="()I" line="219"><counter type="INSTRUCTION" missed="12" covered="0"/><counter type="BRANCH" missed="2" covered="0"/><counter type="LINE" missed="3" covered="0"/><counter type="COMPLEXITY" missed="2" covered="0"/><counter type="METHOD" missed="1" covered="0"/></method><method name="ModelList" desc="(I)Lph/com/guanzongroup/cas/sales/model/Model_Salesman;" line="227"><counter type="INSTRUCTION" missed="6" covered="0"/><counter type="LINE" missed="1" covered="0"/><counter type="COMPLEXITY" missed="1" covered="0"/><counter type="METHOD" missed="1" covered="0"/></method><method name="searchEmployee" desc="(Ljava/lang/String;Ljava/lang/String;Ljava/lang/String;Z)Lorg/json/simple/JSONObject;" line="231"><counter type="INSTRUCTION" missed="260" covered="0"/><counter type="BRANCH" missed="34" covered="0"/><counter type="LINE" missed="38" covered="0"/><counter type="COMPLEXITY" missed="18" covered="0"/><counter type="METHOD" missed="1" covered="0"/></method><method name="SearchBranch" desc="(Ljava/lang/String;Z)Lorg/json/simple/JSONObject;" line="317"><counter type="INSTRUCTION" missed="41" covered="0"/><counter type="BRANCH" missed="2" covered="0"/><counter type="LINE" missed="7" covered="0"/><counter type="COMPLEXITY" missed="2" covered="0"/><counter type="METHOD" missed="1" covered="0"/></method><method name="SearchDepartment" desc="(
[...]
="0"/><line nr="59" mi="0" ci="3" mb="0" cb="0"/><line nr="61" mi="0" ci="7" mb="0" cb="0"/><line nr="62" mi="0" ci="4" mb="0" cb="0"/><line nr="63" mi="0" ci="4" mb="0" cb="0"/><line nr="64" mi="0" ci="4" mb="0" cb="0"/><line nr="65" mi="0" ci="4" mb="0" cb="0"/><line nr="67" mi="0" ci="5" mb="0" cb="0"/><line nr="68" mi="0" ci="5" mb="0" cb="0"/><line nr="69" mi="0" ci="5" mb="0" cb="0"/><line nr="70" mi="0" ci="6" mb="0" cb="0"/><line nr="71" mi="0" ci="5" mb="0" cb="0"/><line nr="73" mi="0" ci="6" mb="0" cb="0"/><line nr="74" mi="0" ci="6" mb="0" cb="0"/><line nr="75" mi="0" ci="6" mb="0" cb="0"/><line nr="76" mi="0" ci="6" mb="0" cb="0"/><line nr="77" mi="0" ci="6" mb="0" cb="0"/><line nr="78" mi="0" ci="6" mb="0" cb="0"/><line nr="79" mi="0" ci="6" mb="0" cb="0"/><line nr="80" mi="0" ci="6" mb="0" cb="0"/><line nr="82" mi="0" ci="3" mb="0" cb="0"/><line nr="85" mi="0" ci="3" mb="0" cb="0"/><line nr="86" mi="0" ci="3" mb="0" cb="0"/><line nr="87" mi="0" ci="5" mb="0" cb="0"/><line nr="89" mi="0" ci="3" mb="0" cb="0"/><line nr="92" mi="0" ci="6" mb="0" cb="0"/><line nr="93" mi="0" ci="4" mb="0" cb="0"/><line nr="94" mi="0" ci="4" mb="0" cb="0"/><line nr="95" mi="0" ci="4" mb="0" cb="0"/><line nr="96" mi="0" ci="4" mb="0" cb="0"/><line nr="97" mi="0" ci="4" mb="0" cb="0"/><line nr="98" mi="0" ci="4" mb="0" cb="0"/><line nr="100" mi="0" ci="6" mb="0" cb="0"/><line nr="101" mi="0" ci="4" mb="0" cb="0"/><line nr="102" mi="0" ci="4" mb="0" cb="0"/><line nr="104" mi="0" ci="6" mb="0" cb="0"/><line nr="105" mi="0" ci="4" mb="0" cb="0"/><line nr="108" mi="0" ci="3" mb="0" cb="0"/><line nr="109" mi="1" ci="0" mb="0" cb="0"/><line nr="110" mi="5" ci="0" mb="0" cb="0"/><line nr="111" mi="2" ci="0" mb="0" cb="0"/><line nr="112" mi="0" ci="1" mb="0" cb="0"/><line nr="113" mi="0" ci="1" mb="0" cb="0"/><line nr="116" mi="0" ci="5" mb="0" cb="0"/><line nr="120" mi="0" ci="5" mb="0" cb="0"/><line nr="124" mi="0" ci="5" mb="0" cb="0"/><line nr="128" mi="0" ci="5" mb="0" cb="0"/><line nr="133" mi="0" ci="5" mb="0" cb="0"/><line nr="137" mi="0" ci="5" mb="0" cb="0"/><line nr="141" mi="6" ci="0" mb="0" cb="0"/><line nr="142" mi="5" ci="0" mb="0" cb="0"/><line nr="146" mi="0" ci="5" mb="0" cb="0"/><line nr="150" mi="0" ci="5" mb="0" cb="0"/><line nr="154" mi="0" ci="5" mb="0" cb="0"/><line nr="158" mi="0" ci="5" mb="0" cb="0"/><line nr="162" mi="0" ci="5" mb="0" cb="0"/><line nr="166" mi="0" ci="5" mb="0" cb="0"/><line nr="170" mi="0" ci="5" mb="0" cb="0"/><line nr="174" mi="0" ci="5" mb="0" cb="0"/><line nr="178" mi="0" ci="5" mb="0" cb="0"/><line nr="182" mi="0" ci="5" mb="0" cb="0"/><line nr="186" mi="0" ci="5" mb="0" cb="0"/><line nr="190" mi="0" ci="5" mb="0" cb="0"/><line nr="194" mi="5" ci="0" mb="0" cb="0"/><line nr="198" mi="5" ci="0" mb="0" cb="0"/><line nr="202" mi="5" ci="0" mb="0" cb="0"/><line nr="206" mi="0" ci="5" mb="0" cb="0"/><line nr="210" mi="0" ci="5" mb="0" cb="0"/><line nr="214" mi="5" ci="0" mb="0" cb="0"/><line nr="218" mi="5" ci="0" mb="0" cb="0"/><line nr="222" mi="0" ci="5" mb="0" cb="0"/><line nr="226" mi="0" ci="5" mb="0" cb="0"/><line nr="230" mi="0" ci="5" mb="0" cb="0"/><line nr="234" mi="0" ci="5" mb="0" cb="0"/><line nr="238" mi="6" ci="0" mb="0" cb="0"/><line nr="242" mi="10" ci="0" mb="4" cb="0"/><line nr="243" mi="2" ci="0" mb="0" cb="0"/><line nr="245" mi="6" ci="0" mb="0" cb="0"/><line nr="249" mi="0" ci="5" mb="0" cb="0"/><line nr="253" mi="0" ci="5" mb="0" cb="0"/><line nr="257" mi="0" ci="5" mb="0" cb="0"/><line nr="261" mi="5" ci="0" mb="0" cb="0"/><line nr="265" mi="0" ci="5" mb="0" cb="0"/><line nr="269" mi="5" ci="0" mb="0" cb="0"/><line nr="273" mi="0" ci="6" mb="0" cb="0"/><line nr="277" mi="0" ci="6" mb="0" cb="0"/><line nr="281" mi="0" ci="6" mb="0" cb="0"/><line nr="285" mi="0" ci="6" mb="0" cb="0"/><line nr="289" mi="0" ci="6" mb="0" cb="0"/><line nr="293" mi="6" ci="0" mb="0" cb="0"/><line nr="297" mi="0" ci="6" mb="0" cb="0"/><line nr="301" mi="0" ci="6" mb="0" cb="0"/><line nr="305" mi="0" ci="6" mb="0" cb="0"/><line nr="309" mi="6" ci="0" mb="0" cb="0"/><line nr="313" mi="0" ci="6" mb="0" cb="0"/><line nr="317" mi="6" ci="0" mb="0" cb="0"/><line nr="321" mi="0" ci="6" mb="0" cb="0"/><line nr="325" mi="6" ci="0" mb="0" cb="0"/><line nr="329" mi="0" ci="6" mb="0" cb="0"/><line nr="333" mi="6" ci="0" mb="0" cb="0"/><line nr="337" mi="3" ci="0" mb="0" cb="0"/><line nr="338" mi="1" ci="0" mb="0" cb="0"/><line nr="341" mi="3" ci="0" mb="0" cb="0"/><line nr="345" mi="0" ci="3" mb="0" cb="0"/><line nr="346" mi="0" ci="1" mb="0" cb="0"/><line nr="349" mi="0" ci="3" mb="0" cb="0"/><line nr="353" mi="0" ci="3" mb="0" cb="0"/><line nr="354" mi="0" ci="1" mb="0" cb="0"/><line nr="357" mi="0" ci="3" mb="0" cb="0"/><line nr="361" mi="0" ci="3" mb="0" cb="0"/><line nr="362" mi="0" ci="1" mb="0" cb="0"/><line nr="365" mi="0" ci="3" mb="0" cb="0"/><line nr="370" mi="0" ci="14" mb="0" cb="0"/><line nr="375" mi="5" ci="0" mb="2" cb="0"/><line nr="376" mi="7" ci="0" mb="2" cb="0"/><line nr="377" mi="5" ci="0" mb="2" cb="0"/><line nr="378" mi="3" ci="0" mb="0" cb="0"/><line nr="380" mi="7" ci="0" mb="0" cb="0"/><line nr="382" mi="8" ci="0" mb="2" cb="0"/><line nr="383" mi="3" ci="0" mb="0" cb="0"/><line nr="385" mi="3" ci="0" mb="0" cb="0"/><line nr="386" mi="3" ci="0" mb="0" cb="0"/><line nr="390" mi="3" ci="0" mb="0" cb="0"/><line nr="391" mi="3" ci="0" mb="0" cb="0"/><line nr="396" mi="5" ci="0" mb="2" cb="0"/><line nr="397" mi="7" ci="0" mb="2" cb="0"/><line nr="398" mi="5" ci="0" mb="2" cb="0"/><line nr="399" mi="3" ci="0" mb="0" cb="0"/><line nr="401" mi="7" ci="0" mb="0" cb="0"/><line nr="403" mi="8" ci="0" mb="2" cb="0"/><line nr="404" mi="3" ci="0" mb="0" cb="0"/><line nr="406" mi="3" ci="0" mb="0" cb="0"/><line nr="407" mi="3" ci="0" mb="0" cb="0"/><line nr="411" mi="3" ci="0" mb="0" cb="0"/><line nr="412" mi="3" ci="0" mb="0" cb="0"/><line nr="417" mi="5" ci="0" mb="2" cb="0"/><line nr="418" mi="7" ci="0" mb="2" cb="0"/><line nr="419" mi="5" ci="0" mb="2" cb="0"/><line nr="420" mi="3" ci="0" mb="0" cb="0"/><line nr="422" mi="7" ci="0" mb="0" cb="0"/><line nr="424" mi="8" ci="0" mb="2" cb="0"/><line nr="425" mi="3" ci="0" mb="0" cb="0"/><line nr="427" mi="3" ci="0" mb="0" cb="0"/><line nr="428" mi="3" ci="0" mb="0" cb="0"/><line nr="432" mi="3" ci="0" mb="0" cb="0"/><line nr="433" mi="3" ci="0" mb="0" cb="0"/><line nr="438" mi="7" ci="0" mb="2" cb="0"/><line nr="439" mi="7" ci="0" mb="2" cb="0"/><line nr="440" mi="7" ci="0" mb="2" cb="0"/><line nr="441" mi="3" ci="0" mb="0" cb="0"/><line nr="443" mi="9" ci="0" mb="0" cb="0"/><line nr="445" mi="8" ci="0" mb="2" cb="0"/><line nr="446" mi="3" ci="0" mb="0" cb="0"/><line nr="448" mi="3" ci="0" mb="0" cb="0"/><line nr="449" mi="3" ci="0" mb="0" cb="0"/><line nr="453" mi="3" ci="0" mb="0" cb="0"/><line nr="454" mi="3" ci="0" mb="0" cb="0"/><line nr="459" mi="7" ci="0" mb="2" cb="0"/><line nr="460" mi="7" ci="0" mb="2" cb="0"/><line nr="461" mi="7" ci="0" mb="2" cb="0"/><line nr="462" mi="3" ci="0" mb="0" cb="0"/><line nr="464" mi="9" ci="0" mb="0" cb="0"/><line nr="466" mi="8" ci="0" mb="2" cb="0"/><line nr="467" mi="3" ci="0" mb="0" cb="0"/><line nr="469" mi="3" ci="0" mb="0" cb="0"/><line nr="470" mi="3" ci="0" mb="0" cb="0"/><line nr="474" mi="3" ci="0" mb="0" cb="0"/><line nr="475" mi="3" ci="0" mb="0" cb="0"/><line nr="480" mi="7" ci="0" mb="2" cb="0"/><line nr="481" mi="7" ci="0" mb="2" cb="0"/><line nr="482" mi="7" ci="0" mb="2" cb="0"/><line nr="483" mi="3" ci="0" mb="0" cb="0"/><line nr="485" mi="9" ci="0" mb="0" cb="0"/><line nr="487" mi="8" ci="0" mb="2" cb="0"/><line nr="488" mi="3" ci="0" mb="0" cb="0"/><line nr="490" mi="3" ci="0" mb="0" cb="0"/><line nr="491" mi="3" ci="0" mb="0" cb="0"/><line nr="495" mi="3" ci="0" mb="0" cb="0"/><line nr="496" mi="3" ci="0" mb="0" cb="0"/><line nr="501" mi="0" ci="7" mb="1" cb="1"/><line nr="502" mi="0" ci="7" mb="0" cb="2"/><line nr="503" mi="0" ci="7" mb="1" cb="1"/><line nr="504" mi="0" ci="3" mb="0" cb="0"/><line nr="506" mi="0" ci="9" mb="0" cb="0"/><line nr="508" mi="0" ci="8" mb="1" cb="1"/><line nr="509" mi="0" ci="3" mb="0" cb="0"/><line nr="511" mi="3" ci="0" mb="0" cb="0"/><line nr="512" mi="3" ci="0" mb="0" cb="0"/><line nr="516" mi="3" ci="0" mb="0" cb="0"/><line nr="517" mi="3" ci="0" mb="0" cb="0"/><line nr="522" mi="7" ci="0" mb="2" cb="0"/><line nr="523" mi="7" ci="0" mb="2" cb="0"/><line nr="524" mi="7" ci="0" mb="2" cb="0"/><line nr="525" mi="3" ci="0" mb="0" cb="0"/><line nr="527" mi="9" ci="0" mb="0" cb="0"/><line nr="529" mi="8" ci="0" mb="2" cb="0"/><line nr="530" mi="3" ci="0" mb="0" cb="0"/><line nr="532" mi="3" ci="0" mb="0" cb="0"/><line nr="533" mi="3" ci="0" mb="0" cb="0"/><line nr="537" mi="3" ci="0" mb="0" cb="0"/><line nr="538" mi="3" ci="0" mb="0" cb="0"/><counter type="INSTRUCTION" missed="501" covered="498"/><counter type="BRANCH" missed="63" covered="5"/><counter type="LINE" missed="105" covered="103"/><counter type="COMPLEXITY" missed="57" covered="50"/><counter type="METHOD" missed="24" covered="49"/><counter type="CLASS" missed="0" covered="1"/></sourcefile><sourcefile name="Model_Sales_Inquiry_Detail.java"><line nr="32" mi="0" ci="2" mb="0" cb="0"/><line nr="34" mi="0" ci="3" mb="0" cb="0"/><line nr="35" mi="0" ci="4" mb="0" cb="0"/><line nr="49" mi="0" ci="15" mb="0" cb="0"/><line nr="51" mi="0" ci="4" mb="0" cb="0"/><line nr="52" mi="0" ci="3" mb="0" cb="0"/><line nr="54" mi="0" ci="3" mb="0" cb="0"/><line nr="57" mi="0" ci="7" mb="0" cb="0"/><line nr="58" mi="0" ci="6" mb="0" cb="0"/><line nr="59" mi="0" ci="6" mb="0" cb="0"/><line nr="60" mi="0" ci="6" mb="0" cb="0"/><line nr="63" mi="0" ci="3" mb="0" cb="0"/><line nr="64" mi="0" ci="3" mb="0" cb="0"/><line nr="65" mi="0" ci="5" mb="0" cb="0"/><line nr="67" mi="0" ci="3" mb="0" cb="0"/><line nr="68" mi="0" ci="3" mb="0" cb="0"/><line nr="71" mi="0" ci="6" mb="0" cb="0"/><line nr="72" mi="0" ci="4" mb="0" cb="0"/><line nr="73" mi="0" ci="4" mb="0" cb="0"/><line nr="74" mi="0" ci="4" mb="0" cb="0"/><line nr="75" mi="0" ci="4" mb="0" cb="0"/><line nr="76" mi="0" ci="4" mb="0" cb="0"/><line nr="78" mi="0" ci="6" mb="0" cb="0"/><line nr="79" mi="0" ci="4" mb="0" cb="0"/><line nr="82" mi="0" ci="3" mb="0" cb="0"/><line nr="83" mi="1" ci="0" mb="0" cb="0"/><line nr="84" mi="5" ci="0" mb="0" cb="0"/><line nr="85" mi="2" ci="0" mb="0" cb="0"/><line nr="86" mi="0" ci="1" mb="0" cb="0"/><line nr="87" mi="0" ci="1" mb="0" cb="0"/><line nr="90" mi="5" ci="0" mb="0" cb="0"/><line nr="94" mi="5" ci="0" mb="0" cb="0"/><line nr="98" mi="6" ci="0" mb="0" cb="0"/><line nr="102" mi="10" ci="0" mb="4" cb="0"/><line nr="103" mi="2" ci="0" mb="0" cb="0"/><line nr="105" mi="6" ci="0" mb="0" cb="0"/><line nr="109" mi="6" ci="0" mb="0" cb="0"/><line nr="113" mi="10" ci="0" mb="4" cb="0"/><line nr="114" mi="2" ci="0" mb="0" cb="0"/><line nr="116" mi="6" ci="0" mb="0" cb="0"/><line nr="120" mi="5" ci="0" mb="0" cb="0"/><line nr="124" mi="5" ci="0" mb="0" cb="0"/><line nr="128" mi="5" ci="0" mb="0" cb="0"/><line nr="132" mi="5" ci="0" mb="0" cb="0"/><line nr="136" mi="5" ci="0" mb="0" cb="0"/><line nr="140" mi="5" ci="0" mb="0" cb="0"/><line nr="144" mi="5" ci="0" mb="0" cb="0"/><line nr="148" mi="5" ci="0" mb="0" cb="0"/><line nr="152" mi="5" ci="0" mb="0" cb="0"/><line nr="156" mi="5" ci="0" mb="0" cb="0"/><line nr="160" mi="3" ci="0" mb="0" cb="0"/><line nr="161" mi="1" ci="0" mb="0" cb="0"/><line nr="164" mi="3" ci="0" mb="0" cb="0"/><line nr="168" mi="5" ci="0" mb="0" cb="0"/><line nr="172" mi="5" ci="0" mb="0" cb="0"/><line nr="176" mi="5" ci="0" mb="0" cb="0"/><line nr="180" mi="10" ci="0" mb="4" cb="0"/><line nr="181" mi="3" ci="0" mb="0" cb="0"/><line nr="183" mi="6" ci="0" mb="0" cb="0"/><line nr="188" mi="0" ci="2" mb="0" cb="0"/><line nr="193" mi="12" ci="0" mb="4" cb="0"/><line nr="194" mi="5" ci="0" mb="0" cb="0"/><line nr="195" mi="6" ci="0" mb="0" cb="0"/><line nr="196" mi="12" ci="0" mb="4" cb="0"/><line nr="197" mi="5" ci="0" mb="0" cb="0"/><line nr="198" mi="5" ci="0" mb="0" cb="0"/><line nr="201" mi="5" ci="0" mb="2" cb="0"/><line nr="202" mi="6" ci="0" mb="2" cb="0"/><line nr="203" mi="6" ci="0" mb="2" cb="0"/><line nr="204" mi="3" ci="0" mb="0" cb="0"/><line nr="206" mi="7" ci="0" mb="0" cb="0"/><line nr="207" mi="8" ci="0" mb="2" cb="0"/><line nr="208" mi="3" ci="0" mb="0" cb="0"/><line nr="210" mi="3" ci="0" mb="0" cb="0"/><line nr="211" mi="3" ci="0" mb="0" cb="0"/><line nr="215" mi="3" ci="0" mb="0" cb="0"/><line nr="216" mi="3" ci="0" mb="0" cb="0"/><line nr="221" mi="7" ci="0" mb="2" cb="0"/><line nr="222" mi="7" ci="0" mb="2" cb="0"/><line nr="223" mi="7" ci="0" mb="2" cb="0"/><line nr="224" mi="3" ci="0" mb="0" cb="0"/><line nr="226" mi="9" ci="0" mb="0" cb="0"/><line nr="228" mi="8" ci="0" mb="2" cb="0"/><line nr="229" mi="3" ci="0" mb="0" cb="0"/><line nr="231" mi="3" ci="0" mb="0" cb="0"/><line nr="232" mi="3" ci="0" mb="0" cb="0"/><line nr="236" mi="3" ci="0" mb="0" cb="0"/><line nr="237" mi="3" ci="0" mb="0" cb="0"/><line nr="242" mi="7" ci="0" mb="2" cb="0"/><line nr="243" mi="7" ci="0" mb="2" cb="0"/><line nr="244" mi="7" ci="0" mb="2" cb="0"/><line nr="245" mi="3" ci="0" mb="0" cb="0"/><line nr="247" mi="9" ci="0" mb="0" cb="0"/><line nr="249" mi="8" ci="0" mb="2" cb="0"/><line nr="250" mi="3" ci="0" mb="0" cb="0"/><line nr="252" mi="3" ci="0" mb="0" cb="0"/><line nr="253" mi="3" ci="0" mb="0" cb="0"/><line nr="257" mi="3" ci="0" mb="0" cb="0"/><line nr="258" mi="3" ci="0" mb="0" cb="0"/><line nr="263" mi="7" ci="0" mb="2" cb="0"/><line nr="264" mi="7" ci="0" mb="2" cb="0"/><line nr="265" mi="7" ci="0" mb="2" cb="0"/><line nr="266" mi="3" ci="0" mb="0" cb="0"/><line nr="268" mi="9" ci="0" mb="0" cb="0"/><line nr="270" mi="8" ci="0" mb="2" cb="0"/><line nr="271" mi="3" ci="0" mb="0" cb="0"/><line nr="273" mi="3" ci="0" mb="0" cb="0"/><line nr="274" mi="3" ci="0" mb="0" cb="0"/><line nr="278" mi="3" ci="0" mb="0" cb="0"/><line nr="279" mi="3" ci="0" mb="0" cb="0"/><line nr="284" mi="7" ci="0" mb="2" cb="0"/><line nr="285" mi="7" ci="0" mb="2" cb="0"/><line nr="286" mi="7" ci="0" mb="2" cb="0"/><line nr="287" mi="3" ci="0" mb="0" cb="0"/><line nr="289" mi="9" ci="0" mb="0" cb="0"/><line nr="291" mi="8" ci="0" mb="2" cb="0"/><line nr="292" mi="3" ci="0" mb="0" cb="0"/><line nr="294" mi="3" ci="0" mb="0" cb="0"/><line nr="295" mi="3" ci="0" mb="0" cb="0"/><line nr="299" mi="3" ci="0" mb="0" cb="0"/><line nr="300" mi="3" ci="0" mb="0" cb="0"/><line nr="305" mi="7" ci="0" mb="2" cb="0"/><line nr="306" mi="7" ci="0" mb="2" cb="0"/><line nr="307" mi="7" ci="0" mb="2" cb="0"/><line nr="308" mi="3" ci="0" mb="0" cb="0"/><line nr="310" mi="9" ci="0" mb="0" cb="0"/><line nr="312" mi="8" ci="0" mb="2" cb="0"/><line nr="313" mi="3" ci="0" mb="0" cb="0"/><line nr="315" mi="3" ci="0" mb="0" cb="0"/><line nr="316" mi="3" ci="0" mb="0" cb="0"/><line nr="320" mi="3" ci="0" mb="0" cb="0"/><line nr="321" mi="3" ci="0" mb="0" cb="0"/><line nr="326" mi="7" ci="0" mb="2" cb="0"/><line nr="327" mi="7" ci="0" mb="2" cb="0"/><line nr="328" mi="7" ci="0" mb="2" cb="0"/><line nr="329" mi="3" ci="0" mb="0" cb="0"/><line nr="331" mi="9" ci="0" mb="0" cb="0"/><line nr="333" mi="8" ci="0" mb="2" cb="0"/><line nr="334" mi="3" ci="0" mb="0" cb="0"/><line nr="336" mi="3" ci="0" mb="0" cb="0"/><line nr="337" mi="3" ci="0" mb="0" cb="0"/><line nr="341" mi="3" ci="0" mb="0" cb="0"/><line nr="342" mi="3" ci="0" mb="0" cb="0"/><counter type="INSTRUCTION" missed="588" covered="119"/><counter type="BRANCH" missed="76" covered="0"/><counter type="LINE" missed="115" covered="28"/><counter type="COMPLEXITY" missed="67" covered="3"/><counter type="METHOD" missed="29" covered="3"/><counter type="CLASS" missed="0" covered="1"/></sourcefile><sourcefile name="Model_Sales_Giveaways_Master.java"><line nr="26" mi="0" ci="3" mb="0" cb="0"/><line nr="33" mi="0" ci="15" mb="0" cb="0"/><line nr="35" mi="0" ci="4" mb="0" cb="0"/><line nr="36" mi="0" ci="3" mb="0" cb="0"/><line nr="38" mi="0" ci="3" mb="0" cb="0"/><line nr="41" mi="0" ci="4" mb="0" cb="0"/><line nr="42" mi="0" ci="4" mb="0" cb="0"/><line nr="43" mi="0" ci="4" mb="0" cb="0"/><line nr="44" mi="0" ci="4" mb="0" cb="0"/><line nr="45" mi="0" ci="6" mb="0" cb="0"/><line nr="46" mi="0" ci="5" mb="0" cb="0"/><line nr="49" mi="0" ci="3" mb="0" cb="0"/><line nr="50" mi="0" ci="3" mb="0" cb="0"/><line nr="51" mi="0" ci="5" mb="0" cb="0"/><line nr="53" mi="0" ci="3" mb="0" cb="0"/><line nr="56" mi="0" ci="6" mb="0" cb="0"/><line nr="57" mi="0" ci="4" mb="0" cb="0"/><line nr="58" mi="0" ci="4" mb="0" cb="0"/><line nr="60" mi="0" ci="3" mb="0" cb="0"/><line nr="61" mi="1" ci="0" mb="0" cb="0"/><line nr="62" mi="5" ci="0" mb="0" cb="0"/><line nr="63" mi="2" ci="0" mb="0" cb="0"/><line nr="64" mi="0" ci="1" mb="0" cb="0"/><line nr="65" mi="0" ci="1" mb="0" cb="0"/><line nr="68" mi="0" ci="5" mb="0" cb="0"/><line nr="72" mi="0" ci="5" mb="0" cb="0"/><line nr="76" mi="0" ci="5" mb="0" cb="0"/><line nr="80" mi="0" ci="5" mb="0" cb="0"/><line nr="84" mi="0" ci="5" mb="0" cb="0"/><line nr="88" mi="0" ci="5" mb="0" cb="0"/><line nr="92" mi="0" ci="5" mb="0" cb="0"/><line nr="96" mi="0" ci="5" mb="0" cb="0"/><line nr="100" mi="5" ci="0" mb="0" cb="0"/><line nr="104" mi="5" ci="0" mb="0" cb="0"/><line nr="108" mi="0" ci="5" mb="0" cb="0"/><line nr="112" mi="0" ci="5" mb="0" cb="0"/><line nr="116" mi="0" ci="5" mb="0" cb="0"/><line nr="120" mi="0" ci="5" mb="0" cb="0"/><line nr="124" mi="0" ci="5" mb="0" cb="0"/><line nr="128" mi="0" ci="5" mb="0" cb="0"/><line nr="132" mi="0" ci="5" mb="0" cb="0"/><line nr="136" mi="5" ci="0" mb="0" cb="0"/><line nr="140" mi="0" ci="5" mb="0" cb="0"/><line nr="144" mi="5" ci="0" mb="0" cb="0"/><line nr="148" mi="0" ci="5" mb="0" cb="0"/><line nr="152" mi="5" ci="0" mb="0" cb="0"/><line nr="156" mi="0" ci="5" mb="0" cb="0"/><line nr="160" mi="5" ci="0" mb="0" cb="0"/><line nr="164" mi="6" ci="0" mb="0" cb="0"/><line nr="168" mi="10" ci="0" mb="4" cb="0"/><line nr="169" mi="2" ci="0" mb="0" cb="0"/><line nr="171" mi="6" ci="0" mb="0" cb="0"/><line nr="176" mi="0" ci="14" mb="0" cb="0"/><line nr="180" mi="7" ci="0" mb="2" cb="0"/><line nr="181" mi="7" ci="0" mb="2" cb="0"/><line nr="182" mi="7" ci="0" mb="2" cb="0"/><line nr="183" mi="3" ci="0" mb="0" cb="0"/><line nr="185" mi="9" ci="0" mb="0" cb="0"/><line nr="187" mi="8" ci="0" mb="2" cb="0"/><line nr="188" mi="3" ci="0" mb="0" cb="0"/><line nr="190" mi="3" ci="0" mb="0" cb="0"/><line nr="191" mi="3" ci="0" mb="0" cb="0"/><line nr="195" mi="3" ci="0" mb="0" cb="0"/><line nr="196" mi="3" ci="0" mb="0" cb="0"/><line nr="201" mi="7" ci="0" mb="2" cb="0"/><line nr="202" mi="7" ci="0" mb="2" cb="0"/><line nr="203" mi="7" ci="0" mb="2" cb="0"/><line nr="204" mi="3" ci="0" mb="0" cb="0"/><line nr="206" mi="9" ci="0" mb="0" cb="0"/><line nr="208" mi="8" ci="0" mb="2" cb="0"/><line nr="209" mi="3" ci="0" mb="0" cb="0"/><line nr="211" mi="3" ci="0" mb="0" cb="0"/><line nr="212" mi="3" ci="0" mb="0" cb="0"/><line nr="216" mi="3" ci="0" mb="0" cb="0"/><line nr="217" mi="3" ci="0" mb="0" cb="0"/><counter type="INSTRUCTION" missed="174" covered="192"/><counter type="BRANCH" missed="20" covered="0"/><counter type="LINE" missed="35" covered="40"/><counter type="COMPLEXITY" missed="20" covered="21"/><counter type="METHOD" missed="10" covered="21"/><counter type="CLASS" missed="0" covered="1"/></sourcefile><counter type="INSTRUCTION" missed="5685" covered="1751"/><counter type="BRANCH" missed="536" covered="20"/><counter type="LINE" missed="1135" covered="374"/><counter type="COMPLEXITY" missed="631" covered="151"/><counter type="METHOD" missed="355" covered="149"/><counter type="CLASS" missed="6" covered="9"/></package><counter type="INSTRUCTION" missed="30161" covered="8259"/><counter type="BRANCH" missed="2613" covered="424"/><counter type="LINE" missed="5559" covered="1598"/><counter type="COMPLEXITY" missed="2219" covered="405"/><counter type="METHOD" missed="760" covered="289"/><counter type="CLASS" missed="31" covered="18"/></report>