<?xml version="1.0" encoding="UTF-8"?>
<testsuite xmlns:xsi="http://www.w3.org/2001/XMLSchema-instance" xsi:noNamespaceSchemaLocation="https://maven.apache.org/surefire/maven-surefire-plugin/xsd/surefire-test-report-3.0.xsd" version="3.0" name="SalesGiveawaysTest" time="1.594" tests="18" errors="0" skipped="0" failures="0">
  <properties>
[...]
</properties>
  <testcase name="test01InitTransaction" classname="SalesGiveawaysTest" time="0.04">
    <system-out><![CDATA[sys.default.path.config = null
GCASys_DBF
localhost
0F3DF529201885A6531F730120593059
GGC_BGK01
Creating core's primary schema...
Populating core's primary schema...
MIS_SEG23 gRider GGC_BGK01
MIS_SEG23
DBA6A83E015307C1095EB022A4217AF8 91BAAE7C67F5C5C5D90E21451F664EF4 91BAAE7C67F5C5C5D90E21451F664EF4
toDate:yyyy-MM-dd HH:mm:ss
2016-01-20 00:00:00
toDate:yyyy-MM-dd
2005-06-02
logUser(String fsProductID, String fsUserID)
M001250015
SELECT a.*, IFNULL(b.sDeptIDxx, '') sDeptIDxx, IFNULL(b.sEmpLevID, '') sEmpLevID FROM xxxSysUser a LEFT JOIN Employee_Master001 b ON a.sEmployNo = b.sEmployID WHERE a.sUserIDxx = 'M001250015'
]]></system-out>
  </testcase>
  <testcase name="test02NewTransaction" classname="SalesGiveawaysTest" time="0.086">
    <system-out><![CDATA[Dept ID : 026
Current User : M001250015
toDate:yyyy-MM-dd
2026-08-30
toDate:yyyy-MM-dd
2026-08-30
]]></system-out>
  </testcase>
  <testcase name="test03AddDetailValidationLastRowEmpty" classname="SalesGiveawaysTest" time="0.07">
    <system-out><![CDATA[Dept ID : 026
Current User : M001250015
toDate:yyyy-MM-dd
2026-08-30
toDate:yyyy-MM-dd
2026-08-30
]]></system-out>
  </testcase>
  <testcase name="test04SaveValidationNoDetail" classname="SalesGiveawaysTest" time="0.073">
    <system-out><![CDATA[Dept ID : 026
Current User : M001250015
toDate:yyyy-MM-dd
2026-08-30
toDate:yyyy-MM-dd
2026-08-30
Will Save : GK0126000001
]]></system-out>
  </testcase>
  <testcase name="test05SaveValidationMissingGiveawayCode" classname="SalesGiveawaysTest" time="0.079">
    <system-out><![CDATA[Dept ID : 026
Current User : M001250015
toDate:yyyy-MM-dd
2026-08-30
toDate:yyyy-MM-dd
2026-08-30
]]></system-out>
  </testcase>
  <testcase name="test06StatusMethodsRequireLoadedTransaction" classname="SalesGiveawaysTest" time="0.036"/>
  <testcase name="test07GetStatusMappings" classname="SalesGiveawaysTest" time="0.0"/>
  <testcase name="test08InitFieldsSetsDefaultValues" classname="SalesGiveawaysTest" time="0.03">
    <system-out><![CDATA[Dept ID : 026
Current User : M001250015
toDate:yyyy-MM-dd
2026-08-30
toDate:yyyy-MM-dd
2026-08-30
]]></system-out>
  </testcase>
  <testcase name="test09ReloadDetailKeepsSingleBlankRow" classname="SalesGiveawaysTest" time="0.088">
    <system-out><![CDATA[Dept ID : 026
Current User : M001250015
toDate:yyyy-MM-dd
2026-08-30
toDate:yyyy-MM-dd
2026-08-30
]]></system-out>
  </testcase>
  <testcase name="test10WillSaveAssignsDetailLinkage" classname="SalesGiveawaysTest" time="0.079">
    <system-out><![CDATA[Dept ID : 026
Current User : M001250015
toDate:yyyy-MM-dd
2026-08-30
toDate:yyyy-MM-dd
2026-08-30
Will Save : GK0126000001
]]></system-out>
  </testcase>
  <testcase name="test11WillSaveInvalidQuantity" classname="SalesGiveawaysTest" time="0.067">
    <system-out><![CDATA[Dept ID : 026
Current User : M001250015
toDate:yyyy-MM-dd
2026-08-30
toDate:yyyy-MM-dd
2026-08-30
Will Save : GK0126000001
]]></system-out>
  </testcase>
  <testcase name="test12SaveValidationMissingDescription" classname="SalesGiveawaysTest" time="0.063">
    <system-out><![CDATA[Dept ID : 026
Current User : M001250015
toDate:yyyy-MM-dd
2026-08-30
toDate:yyyy-MM-dd
2026-08-30
]]></system-out>
  </testcase>
  <testcase name="test13SaveValidationMissingIndustry" classname="SalesGiveawaysTest" time="0.063">
    <system-out><![CDATA[Dept ID : 026
Current User : M001250015
toDate:yyyy-MM-dd
2026-08-30
toDate:yyyy-MM-dd
2026-08-30
]]></system-out>
  </testcase>
  <testcase name="test14SaveValidationMissingCategory" classname="SalesGiveawaysTest" time="0.065">
    <system-out><![CDATA[Dept ID : 026
Current User : M001250015
toDate:yyyy-MM-dd
2026-08-30
toDate:yyyy-MM-dd
2026-08-30
]]></system-out>
  </testcase>
  <testcase name="test15IsJSONSuccess" classname="SalesGiveawaysTest" time="0.0"/>
  <testcase name="test16OpenTransactionFromSampleData" classname="SalesGiveawaysTest" time="0.079">
    <system-out><![CDATA[sGAWayCde - GCO126000001
nEntryNox - 1
sStockIDx - GK0123000005
nQuantity - 1
cReversex - 0
sGAWayCde - GCO126000001
nEntryNox - 2
sStockIDx - GK0123000006
nQuantity - 22
cReversex - 0
]]></system-out>
  </testcase>
  <testcase name="test17CheckExistingDetailValidation" classname="SalesGiveawaysTest" time="0.089">
    <system-out><![CDATA[Dept ID : 026
Current User : M001250015
toDate:yyyy-MM-dd
2026-08-30
toDate:yyyy-MM-dd
2026-08-30
]]></system-out>
  </testcase>
  <testcase name="test18ValidateRecordStatusValidation" classname="SalesGiveawaysTest" time="0.064"/>
</testsuite>